[32m[2025-07-28 19:37:17] Welcome to Family Menu
[32m[2025-07-28 19:37:17] Free Application
[32m[2025-07-28 19:37:17] https://discord.gg/4Xz2ERPw
[34m[2025-07-28 19:37:17] Gt hook
[34m[2025-07-28 19:37:17] Gp hook
[34m[2025-07-28 19:37:18] Ic hook
[34m[2025-07-28 19:37:18] Id hook
[34m[2025-07-28 19:37:18] Is hook
[34m[2025-07-28 19:37:18] Gi hook
[34m[2025-07-28 19:37:18] Fv hook
[34m[2025-07-28 19:37:18] St hook
[34m[2025-07-28 19:37:18] Gh hook
[34m[2025-07-28 19:37:19] Ph hook
[34m[2025-07-28 19:37:19] Iq hook
[34m[2025-07-28 19:37:19] Ht hook
[34m[2025-07-28 19:37:19] Gl hook
[34m[2025-07-28 19:37:19] Qd hook
[34m[2025-07-28 19:37:20] Gf hook
[34m[2025-07-28 19:37:20] Se hook
[34m[2025-07-28 19:37:21] Vf hook
[34m[2025-07-28 19:37:21] Vx hook
[34m[2025-07-28 19:37:21] Dc hook
[34m[2025-07-28 19:37:21] Sm hook
[34m[2025-07-28 19:37:21] Sg hook
[34m[2025-07-28 19:37:21] Ct hook
[34m[2025-07-28 19:37:21] Hd hook
[34m[2025-07-28 19:37:21] Tf hook
[34m[2025-07-28 19:37:22] Eb hook
[34m[2025-07-28 19:37:22] Gf hook
[34m[2025-07-28 19:37:22] Wp hook
[34m[2025-07-28 19:37:22] Vp Hook
[34m[2025-07-28 19:37:22] Pp Hook
[34m[2025-07-28 19:37:22] Ws hook
[34m[2025-07-28 19:37:22] Op Hook
[34m[2025-07-28 19:37:22] Hg hook
[34m[2025-07-28 19:37:22] Ea hook
[34m[2025-07-28 19:37:22] Pi Hook
[34m[2025-07-28 19:37:22] Hq hook
[34m[2025-07-28 19:37:22] No hook
[34m[2025-07-28 19:37:23] Hc hook
[34m[2025-07-28 19:37:23] Ca hook
[34m[2025-07-28 19:37:23] Np hook
[34m[2025-07-28 19:37:23] Nr hook
[34m[2025-07-28 19:37:23] Go hook
[34m[2025-07-28 19:37:23] Fr Hook
[34m[2025-07-28 19:37:23] Rc hook
[34m[2025-07-28 19:37:24] Hg hook
[34m[2025-07-28 19:37:24] Aq hook
[34m[2025-07-28 19:37:24] Ai hook
[34m[2025-07-28 19:37:24] Rs hook
[33m[2025-07-28 19:37:24] Directx12
[32m[2025-07-28 19:37:29] Gi Info
[32m[2025-07-28 19:37:29] Sk Info
[32m[2025-07-28 19:37:29] Dg Info
[32m[2025-07-28 19:37:29] Hi Info
[32m[2025-07-28 19:37:29] Si Info
[32m[2025-07-28 19:37:29] Fi Info
[32m[2025-07-28 19:37:29] Gi Info
[32m[2025-07-28 19:37:29] Ns Info
[32m[2025-07-28 19:37:29] Fi Info
[33m[2025-07-28 19:37:29] Li Info
[32m[2025-07-28 19:37:29] Sa Info
[32m[2025-07-28 19:37:29] Menu Key : F4
[32m[2025-07-28 19:37:29] Unload Key : END
[32m[2025-07-28 19:37:29] This is our new Discord server, which was previously discontinued.
[32m[2025-07-28 19:37:29] https://discord.gg/4Xz2ERPw
[33m[2025-07-28 19:57:34] Blocked from Pechoepaloma Blocked Flame Event from
[33m[2025-07-28 19:57:34] Blocked from Pechoepaloma Blocked Flame Event from
[33m[2025-07-28 19:57:39] Blocked from Pechoepaloma Blocked Flame Event from
[33m[2025-07-28 19:57:39] Blocked from Pechoepaloma Blocked Flame Event from
[33m[2025-07-28 19:57:52] Blocked from ImHim_9393 Blocked Flame Event from
[33m[2025-07-28 19:57:52] Blocked from ImHim_9393 Blocked Flame Event from
[33m[2025-07-28 19:57:55] Blocked from ImHim_9393 Blocked Flame Event from
[33m[2025-07-28 19:57:56] Blocked from ImHim_9393 Blocked Flame Event from
[33m[2025-07-28 19:57:58] Blocked from ImHim_9393 Blocked Flame Event from
[33m[2025-07-28 19:57:58] Blocked from ImHim_9393 Blocked Flame Event from
[33m[2025-07-28 19:57:59] Blocked from ImHim_9393 Blocked Flame Event from
[33m[2025-07-28 19:58:01] Blocked from ImHim_9393 Blocked Flame Event from
[33m[2025-07-28 19:58:02] Blocked from ImHim_9393 Blocked Flame Event from
[33m[2025-07-28 19:58:02] Blocked from ImHim_9393 Blocked Flame Event from
[33m[2025-07-28 19:58:02] Blocked from ImHim_9393 Blocked Flame Event from
[33m[2025-07-28 19:58:03] Blocked from ImHim_9393 Blocked Flame Event from
[33m[2025-07-28 19:58:03] Blocked from ImHim_9393 Blocked Flame Event from
[33m[2025-07-28 19:58:08] Blocked from ImHim_9393 Blocked Flame Event from
[33m[2025-07-28 19:58:08] Blocked from ImHim_9393 Blocked Flame Event from
[33m[2025-07-28 19:58:08] Blocked from ImHim_9393 Blocked Flame Event from
[33m[2025-07-28 19:58:08] Blocked from ImHim_9393 Blocked Flame Event from
[33m[2025-07-28 19:58:09] Blocked from ImHim_9393 Blocked Flame Event from
[33m[2025-07-28 19:58:09] Blocked from ImHim_9393 Blocked Flame Event from
[33m[2025-07-28 19:58:12] Blocked from ImHim_9393 Blocked Flame Event from
[33m[2025-07-28 19:58:13] Blocked from ImHim_9393 Blocked Flame Event from
[33m[2025-07-28 20:05:55] Blocked from Jekwek2 Blocked Flame Event from
[33m[2025-07-28 20:05:55] Blocked from Jekwek2 Blocked Flame Event from
[33m[2025-07-28 20:05:55] Blocked from Jekwek2 Blocked Flame Event from
[33m[2025-07-28 20:05:55] Blocked from Jekwek2 Blocked Flame Event from
[33m[2025-07-28 20:05:55] Blocked from Jekwek2 Blocked Flame Event from
[33m[2025-07-28 20:05:55] Blocked from Jekwek2 Blocked Flame Event from
[33m[2025-07-28 20:05:58] Blocked from Jekwek2 Blocked Flame Event from
[33m[2025-07-28 20:05:58] Blocked from Jekwek2 Blocked Flame Event from
[33m[2025-07-28 20:05:58] Blocked from Jekwek2 Blocked Flame Event from
[33m[2025-07-28 20:05:58] Blocked from Jekwek2 Blocked Flame Event from
[33m[2025-07-28 20:05:58] Blocked from Jekwek2 Blocked Flame Event from
[33m[2025-07-28 20:05:58] Blocked from Jekwek2 Blocked Flame Event from
[33m[2025-07-28 20:05:58] Blocked from Jekwek2 Blocked Flame Event from
[33m[2025-07-28 20:05:58] Blocked from Jekwek2 Blocked Flame Event from
[33m[2025-07-28 20:05:59] Blocked from Jekwek2 Blocked Flame Event from
[33m[2025-07-28 20:17:07] Blocked from narwhalsprite Blocked Flame Event from
[33m[2025-07-28 20:17:07] Blocked from narwhalsprite Blocked Flame Event from
[33m[2025-07-28 20:17:19] Blocked from Ciabotti75 Blocked Flame Event from
[33m[2025-07-28 20:17:19] Blocked from Ciabotti75 Blocked Flame Event from
[33m[2025-07-28 20:17:20] Blocked from Ciabotti75 Blocked Flame Event from
[33m[2025-07-28 20:17:20] Blocked from Ciabotti75 Blocked Flame Event from
[33m[2025-07-28 20:17:36] Blocked from MrSpy47 Blocked Flame Event from
[33m[2025-07-28 20:17:36] Blocked from elwolfstein9 Blocked Flame Event from
[33m[2025-07-28 20:17:36] Blocked from Heero2 Blocked Flame Event from
[33m[2025-07-28 20:17:36] Blocked from x-IMPERADOR-x Blocked Flame Event from
[33m[2025-07-28 20:17:36] Blocked from MrSpy47 Blocked Flame Event from
[33m[2025-07-28 20:17:37] Blocked from elwolfstein9 Blocked Flame Event from
[33m[2025-07-28 20:17:37] Blocked from x-IMPERADOR-x Blocked Flame Event from
[33m[2025-07-28 20:17:37] Blocked from Heero2 Blocked Flame Event from
[33m[2025-07-28 20:17:43] Blocked from papa2751 Blocked Flame Event from
[33m[2025-07-28 20:17:43] Blocked from elwolfstein9 Blocked Flame Event from
[33m[2025-07-28 20:17:43] Blocked from MrSpy47 Blocked Flame Event from
[33m[2025-07-28 20:17:43] Blocked from DwarvenDuke Blocked Flame Event from
[33m[2025-07-28 20:17:43] Blocked from narwhalsprite Blocked Flame Event from
[33m[2025-07-28 20:17:43] Blocked from Ciabotti75 Blocked Flame Event from
[33m[2025-07-28 20:17:43] Blocked from Ciabotti75 Blocked Flame Event from
[33m[2025-07-28 20:17:43] Blocked from x-IMPERADOR-x Blocked Flame Event from
[33m[2025-07-28 20:17:43] Blocked from papa2751 Blocked Flame Event from
[33m[2025-07-28 20:17:43] Blocked from MrSpy47 Blocked Flame Event from
[33m[2025-07-28 20:17:43] Blocked from elwolfstein9 Blocked Flame Event from
[33m[2025-07-28 20:17:43] Blocked from DwarvenDuke Blocked Flame Event from
[33m[2025-07-28 20:17:43] Blocked from narwhalsprite Blocked Flame Event from
[33m[2025-07-28 20:17:43] Blocked from Ciabotti75 Blocked Flame Event from
[33m[2025-07-28 20:17:43] Blocked from Ciabotti75 Blocked Flame Event from
[33m[2025-07-28 20:17:43] Blocked from x-IMPERADOR-x Blocked Flame Event from
[33m[2025-07-28 20:17:44] Blocked from Ciabotti75 Blocked Flame Event from
[33m[2025-07-28 20:17:44] Blocked from Ciabotti75 Blocked Flame Event from
[33m[2025-07-28 20:17:44] Blocked from Ciabotti75 Blocked Flame Event from
[33m[2025-07-28 20:17:44] Blocked from Ciabotti75 Blocked Flame Event from
[33m[2025-07-28 20:17:44] Blocked from Ciabotti75 Blocked Flame Event from
[33m[2025-07-28 20:17:44] Blocked from Ciabotti75 Blocked Flame Event from
[33m[2025-07-28 20:17:46] Blocked from x-IMPERADOR-x Blocked Flame Event from
[33m[2025-07-28 20:17:54] Blocked from Jekwek2 Blocked Flame Event from
[33m[2025-07-28 20:17:54] Blocked from MrSpy47 Blocked Flame Event from
[33m[2025-07-28 20:17:54] Blocked from elwolfstein9 Blocked Flame Event from
[33m[2025-07-28 20:17:54] Blocked from narwhalsprite Blocked Flame Event from
[33m[2025-07-28 20:17:54] Blocked from DwarvenDuke Blocked Flame Event from
[33m[2025-07-28 20:17:54] Blocked from papa2751 Blocked Flame Event from
[33m[2025-07-28 20:17:54] Blocked from Grausamkeitkkj Blocked Flame Event from
[33m[2025-07-28 20:17:54] Blocked from x-IMPERADOR-x Blocked Flame Event from
[33m[2025-07-28 20:17:54] Blocked from Ciabotti75 Blocked Flame Event from
[33m[2025-07-28 20:17:54] Blocked from Ciabotti75 Blocked Flame Event from
[33m[2025-07-28 20:17:54] Blocked from Ciabotti75 Blocked Flame Event from
[33m[2025-07-28 20:17:55] Blocked from Grausamkeitkkj Blocked Flame Event from
[33m[2025-07-28 20:17:55] Blocked from x-IMPERADOR-x Blocked Flame Event from
[33m[2025-07-28 20:17:55] Blocked from Ciabotti75 Blocked Flame Event from
[33m[2025-07-28 20:17:55] Blocked from Ciabotti75 Blocked Flame Event from
[33m[2025-07-28 20:17:55] Blocked from Ciabotti75 Blocked Flame Event from
[33m[2025-07-28 20:17:56] Blocked from Ciabotti75 Blocked Flame Event from
[33m[2025-07-28 20:17:56] Blocked from DwarvenDuke Blocked Flame Event from
[33m[2025-07-28 20:17:57] Blocked from Ciabotti75 Blocked Flame Event from
[33m[2025-07-28 20:17:57] Blocked from Ciabotti75 Blocked Flame Event from
[33m[2025-07-28 20:17:57] Blocked from DwarvenDuke Blocked Flame Event from
[33m[2025-07-28 20:17:57] Blocked from Ciabotti75 Blocked Flame Event from
[33m[2025-07-28 20:17:58] Blocked from Ciabotti75 Blocked Flame Event from
[33m[2025-07-28 20:17:59] Blocked from x-IMPERADOR-x Blocked Flame Event from
[33m[2025-07-28 20:17:59] Blocked from Ciabotti75 Blocked Flame Event from
[33m[2025-07-28 20:17:59] Blocked from Ciabotti75 Blocked Flame Event from
[33m[2025-07-28 20:17:59] Blocked from x-IMPERADOR-x Blocked Flame Event from
[33m[2025-07-28 20:17:59] Blocked from Ciabotti75 Blocked Flame Event from
[33m[2025-07-28 20:17:59] Blocked from Ciabotti75 Blocked Flame Event from
[33m[2025-07-28 20:17:59] Blocked from Ciabotti75 Blocked Flame Event from
[33m[2025-07-28 20:17:59] Blocked from Ciabotti75 Blocked Flame Event from
[33m[2025-07-28 20:18:00] Blocked from Ciabotti75 Blocked Flame Event from
[33m[2025-07-28 20:18:00] Blocked from elwolfstein9 Blocked Flame Event from
[33m[2025-07-28 20:18:00] Blocked from elwolfstein9 Blocked Flame Event from
[33m[2025-07-28 20:18:01] Blocked from Ciabotti75 Blocked Flame Event from
[33m[2025-07-28 20:18:01] Blocked from Ciabotti75 Blocked Flame Event from
[33m[2025-07-28 20:18:01] Blocked from Ciabotti75 Blocked Flame Event from
[33m[2025-07-28 20:18:01] Blocked from x-IMPERADOR-x Blocked Flame Event from
[33m[2025-07-28 20:18:02] Blocked from Ciabotti75 Blocked Flame Event from
[33m[2025-07-28 20:18:02] Blocked from x-IMPERADOR-x Blocked Flame Event from
[33m[2025-07-28 20:18:02] Blocked from Ciabotti75 Blocked Flame Event from
[33m[2025-07-28 20:18:03] Blocked from x-IMPERADOR-x Blocked Flame Event from
[33m[2025-07-28 20:18:04] Blocked from x-IMPERADOR-x Blocked Flame Event from
[33m[2025-07-28 20:18:05] Blocked from x-IMPERADOR-x Blocked Flame Event from
