[32m[2025-07-28 19:02:23] Welcome to Family Menu
[32m[2025-07-28 19:02:23] Free Application
[32m[2025-07-28 19:02:23] https://discord.gg/4Xz2ERPw
[34m[2025-07-28 19:02:23] Gt hook
[34m[2025-07-28 19:02:23] Gp hook
[34m[2025-07-28 19:02:24] Ic hook
[34m[2025-07-28 19:02:24] Id hook
[34m[2025-07-28 19:02:24] Gi hook
[34m[2025-07-28 19:02:24] Is hook
[34m[2025-07-28 19:02:24] St hook
[34m[2025-07-28 19:02:24] Fv hook
[34m[2025-07-28 19:02:25] Ph hook
[34m[2025-07-28 19:02:25] Gh hook
[34m[2025-07-28 19:02:25] Ht hook
[34m[2025-07-28 19:02:25] Iq hook
[34m[2025-07-28 19:02:25] Qd hook
[34m[2025-07-28 19:02:25] Gl hook
[34m[2025-07-28 19:02:26] Gf hook
[34m[2025-07-28 19:02:26] Vf hook
[34m[2025-07-28 19:02:26] Se hook
[34m[2025-07-28 19:02:26] Sm hook
[34m[2025-07-28 19:02:26] Vx hook
[34m[2025-07-28 19:02:27] Ct hook
[34m[2025-07-28 19:02:27] Sg hook
[34m[2025-07-28 19:02:27] Dc hook
[34m[2025-07-28 19:02:27] Hd hook
[34m[2025-07-28 19:02:27] Tf hook
[34m[2025-07-28 19:02:28] Ws hook
[34m[2025-07-28 19:02:28] Gf hook
[34m[2025-07-28 19:02:28] Wp hook
[34m[2025-07-28 19:02:28] Vp Hook
[34m[2025-07-28 19:02:28] Hg hook
[34m[2025-07-28 19:02:28] Eb hook
[34m[2025-07-28 19:02:28] Pp Hook
[34m[2025-07-28 19:02:28] Ea hook
[34m[2025-07-28 19:02:28] Hq hook
[34m[2025-07-28 19:02:28] Op Hook
[34m[2025-07-28 19:02:28] Pi Hook
[34m[2025-07-28 19:02:29] No hook
[34m[2025-07-28 19:02:29] Hc hook
[34m[2025-07-28 19:02:29] Go hook
[34m[2025-07-28 19:02:29] Np hook
[34m[2025-07-28 19:02:29] Nr hook
[34m[2025-07-28 19:02:29] Ca hook
[34m[2025-07-28 19:02:29] Fr Hook
[34m[2025-07-28 19:02:29] Rc hook
[34m[2025-07-28 19:02:29] Hg hook
[34m[2025-07-28 19:02:29] Aq hook
[34m[2025-07-28 19:02:30] Ai hook
[34m[2025-07-28 19:02:30] Rs hook
[33m[2025-07-28 19:02:30] Directx12
[32m[2025-07-28 19:02:35] Gi Info
[32m[2025-07-28 19:02:35] Sk Info
[32m[2025-07-28 19:02:35] Dg Info
[32m[2025-07-28 19:02:35] Hi Info
[32m[2025-07-28 19:02:35] Si Info
[32m[2025-07-28 19:02:35] Fi Info
[32m[2025-07-28 19:02:35] Gi Info
[32m[2025-07-28 19:02:35] Ns Info
[32m[2025-07-28 19:02:35] Fi Info
[33m[2025-07-28 19:02:35] Li Info
[32m[2025-07-28 19:02:35] Sa Info
[32m[2025-07-28 19:02:35] Menu Key : F4
[32m[2025-07-28 19:02:35] Unload Key : END
[32m[2025-07-28 19:02:35] This is our new Discord server, which was previously discontinued.
[32m[2025-07-28 19:02:35] https://discord.gg/4Xz2ERPw
