[32m[2025-07-28 20:23:50] Welcome to Family Menu
[32m[2025-07-28 20:23:50] Free Application
[32m[2025-07-28 20:23:50] https://discord.gg/4Xz2ERPw
[34m[2025-07-28 20:23:50] Gt hook
[34m[2025-07-28 20:23:50] Gp hook
[34m[2025-07-28 20:23:50] Ic hook
[34m[2025-07-28 20:23:50] Id hook
[34m[2025-07-28 20:23:51] Is hook
[34m[2025-07-28 20:23:51] Gi hook
[34m[2025-07-28 20:23:51] Fv hook
[34m[2025-07-28 20:23:51] St hook
[34m[2025-07-28 20:23:51] Ph hook
[34m[2025-07-28 20:23:51] Gh hook
[34m[2025-07-28 20:23:51] Ht hook
[34m[2025-07-28 20:23:51] Iq hook
[34m[2025-07-28 20:23:52] Gl hook
[34m[2025-07-28 20:23:52] Qd hook
[34m[2025-07-28 20:23:52] Gf hook
[34m[2025-07-28 20:23:53] Vf hook
[34m[2025-07-28 20:23:53] Se hook
[34m[2025-07-28 20:23:53] Sm hook
[34m[2025-07-28 20:23:53] Vx hook
[34m[2025-07-28 20:23:53] Ct hook
[34m[2025-07-28 20:23:53] Dc hook
[34m[2025-07-28 20:23:53] Hd hook
[34m[2025-07-28 20:23:54] Sg hook
[34m[2025-07-28 20:23:54] Tf hook
[34m[2025-07-28 20:23:54] Wp hook
[34m[2025-07-28 20:23:54] Gf hook
[34m[2025-07-28 20:23:54] Ws hook
[34m[2025-07-28 20:23:54] Hg hook
[34m[2025-07-28 20:23:54] Vp Hook
[34m[2025-07-28 20:23:55] Pp Hook
[34m[2025-07-28 20:23:55] Ea hook
[34m[2025-07-28 20:23:55] Eb hook
[34m[2025-07-28 20:23:55] Hq hook
[34m[2025-07-28 20:23:55] Hc hook
[34m[2025-07-28 20:23:55] Pi Hook
[34m[2025-07-28 20:23:55] No hook
[34m[2025-07-28 20:23:55] Op Hook
[34m[2025-07-28 20:23:55] Nr hook
[34m[2025-07-28 20:23:55] Go hook
[34m[2025-07-28 20:23:55] Ca hook
[34m[2025-07-28 20:23:55] Np hook
[34m[2025-07-28 20:23:56] Fr Hook
[34m[2025-07-28 20:23:56] Hg hook
[34m[2025-07-28 20:23:56] Rc hook
[34m[2025-07-28 20:23:56] Aq hook
[34m[2025-07-28 20:23:56] Ai hook
[34m[2025-07-28 20:23:56] Rs hook
[33m[2025-07-28 20:23:56] Directx12
[32m[2025-07-28 20:24:01] Gi Info
[32m[2025-07-28 20:24:01] Sk Info
[32m[2025-07-28 20:24:01] Dg Info
[32m[2025-07-28 20:24:02] Hi Info
[32m[2025-07-28 20:24:02] Si Info
[32m[2025-07-28 20:24:02] Fi Info
[32m[2025-07-28 20:24:02] Gi Info
[32m[2025-07-28 20:24:02] Ns Info
[32m[2025-07-28 20:24:02] Fi Info
[33m[2025-07-28 20:24:02] Li Info
[32m[2025-07-28 20:24:02] Sa Info
[32m[2025-07-28 20:24:02] Menu Key : F4
[32m[2025-07-28 20:24:02] Unload Key : END
[32m[2025-07-28 20:24:02] This is our new Discord server, which was previously discontinued.
[32m[2025-07-28 20:24:02] https://discord.gg/4Xz2ERPw
[33m[2025-07-28 20:25:18] Blocked from myyssto Task Crash Event
[33m[2025-07-28 20:25:19] Blocked from myyssto Task Crash Event
[33m[2025-07-28 20:25:19] Blocked from myyssto Task Crash Event
[33m[2025-07-28 20:25:20] Blocked from myyssto Task Crash Event
[33m[2025-07-28 20:25:20] Blocked from myyssto Task Crash Event
[33m[2025-07-28 20:25:20] Blocked from myyssto Task Crash Event
[33m[2025-07-28 20:25:21] Blocked from myyssto Task Crash Event
[33m[2025-07-28 20:25:21] Blocked from myyssto Task Crash Event
[33m[2025-07-28 20:25:22] Blocked from myyssto Task Crash Event
[33m[2025-07-28 20:25:22] Blocked from myyssto Task Crash Event
[33m[2025-07-28 20:25:23] Blocked from myyssto Task Crash Event
[33m[2025-07-28 20:25:23] Blocked from myyssto Task Crash Event
[33m[2025-07-28 20:25:24] Blocked from myyssto Task Crash Event
[33m[2025-07-28 20:25:25] Blocked from myyssto Task Crash Event
[33m[2025-07-28 20:25:25] Blocked from myyssto Task Crash Event
[33m[2025-07-28 20:25:26] Blocked from myyssto Task Crash Event
[33m[2025-07-28 20:25:26] Blocked from myyssto Task Crash Event
[33m[2025-07-28 20:25:27] Blocked from myyssto Task Crash Event
[33m[2025-07-28 20:25:44] Blocked from Null Player! Task Crash Event
[33m[2025-07-28 20:25:44] Blocked from myyssto Task Crash Event
[33m[2025-07-28 20:28:10] Blocked from Null Player! Task Crash Event
[33m[2025-07-28 20:28:10] Blocked from myyssto Task Crash Event
[33m[2025-07-28 20:28:28] Blocked from Null Player! Task Crash Event
[33m[2025-07-28 20:28:28] Blocked from myyssto Task Crash Event
[33m[2025-07-28 20:31:32] Blocked from naatjul Blocked Flame Event from
[33m[2025-07-28 20:31:32] Blocked from WraithSoFly Blocked Flame Event from
[33m[2025-07-28 20:31:32] Blocked from WraithSoFly Blocked Flame Event from
[33m[2025-07-28 20:31:32] Blocked from WraithSoFly Blocked Flame Event from
[33m[2025-07-28 20:31:32] Blocked from WraithSoFly Blocked Flame Event from
[33m[2025-07-28 20:31:32] Blocked from WraithSoFly Blocked Flame Event from
[33m[2025-07-28 20:31:32] Blocked from WraithSoFly Blocked Flame Event from
[33m[2025-07-28 20:31:32] Blocked from WraithSoFly Blocked Flame Event from
[33m[2025-07-28 20:31:32] Blocked from WraithSoFly Blocked Flame Event from
[33m[2025-07-28 20:31:32] Blocked from WraithSoFly Blocked Flame Event from
[33m[2025-07-28 20:31:32] Blocked from WraithSoFly Blocked Flame Event from
[33m[2025-07-28 20:31:32] Blocked from WraithSoFly Blocked Flame Event from
[33m[2025-07-28 20:31:32] Blocked from WraithSoFly Blocked Flame Event from
[33m[2025-07-28 20:31:32] Blocked from WraithSoFly Blocked Flame Event from
[33m[2025-07-28 20:31:32] Blocked from WraithSoFly Blocked Flame Event from
[33m[2025-07-28 20:31:32] Blocked from WraithSoFly Blocked Flame Event from
[33m[2025-07-28 20:31:32] Blocked from WraithSoFly Blocked Flame Event from
[33m[2025-07-28 20:31:32] Blocked from WraithSoFly Blocked Flame Event from
[33m[2025-07-28 20:31:32] Blocked from WraithSoFly Blocked Flame Event from
[33m[2025-07-28 20:31:32] Blocked from WraithSoFly Blocked Flame Event from
[33m[2025-07-28 20:31:32] Blocked from WraithSoFly Blocked Flame Event from
[33m[2025-07-28 20:31:32] Blocked from WraithSoFly Blocked Flame Event from
[33m[2025-07-28 20:31:32] Blocked from WraithSoFly Blocked Flame Event from
[33m[2025-07-28 20:31:32] Blocked from WraithSoFly Blocked Flame Event from
[33m[2025-07-28 20:31:32] Blocked from naatjul Blocked Flame Event from
[33m[2025-07-28 20:31:32] Blocked from naatjul Blocked Flame Event from
[33m[2025-07-28 20:31:32] Blocked from naatjul Blocked Flame Event from
[33m[2025-07-28 20:31:32] Blocked from naatjul Blocked Flame Event from
[33m[2025-07-28 20:31:32] Blocked from naatjul Blocked Flame Event from
[33m[2025-07-28 20:31:32] Blocked from naatjul Blocked Flame Event from
[33m[2025-07-28 20:31:32] Blocked from naatjul Blocked Flame Event from
[33m[2025-07-28 20:31:32] Blocked from naatjul Blocked Flame Event from
[33m[2025-07-28 20:31:32] Blocked from naatjul Blocked Flame Event from
[33m[2025-07-28 20:31:32] Blocked from naatjul Blocked Flame Event from
[33m[2025-07-28 20:31:32] Blocked from naatjul Blocked Flame Event from
[33m[2025-07-28 20:31:32] Blocked from naatjul Blocked Flame Event from
[33m[2025-07-28 20:31:32] Blocked from naatjul Blocked Flame Event from
[33m[2025-07-28 20:31:32] Blocked from naatjul Blocked Flame Event from
[33m[2025-07-28 20:31:32] Blocked from naatjul Blocked Flame Event from
[33m[2025-07-28 20:31:32] Blocked from naatjul Blocked Flame Event from
[33m[2025-07-28 20:31:32] Blocked from naatjul Blocked Flame Event from
[33m[2025-07-28 20:31:32] Blocked from naatjul Blocked Flame Event from
[33m[2025-07-28 20:31:32] Blocked from naatjul Blocked Flame Event from
[33m[2025-07-28 20:31:32] Blocked from naatjul Blocked Flame Event from
[33m[2025-07-28 20:31:32] Blocked from naatjul Blocked Flame Event from
[33m[2025-07-28 20:31:32] Blocked from naatjul Blocked Flame Event from
[33m[2025-07-28 20:31:32] Blocked from naatjul Blocked Flame Event from
[33m[2025-07-28 20:31:32] Blocked from naatjul Blocked Flame Event from
[33m[2025-07-28 20:31:32] Blocked from WraithSoFly Blocked Flame Event from
[33m[2025-07-28 20:31:32] Blocked from WraithSoFly Blocked Flame Event from
[33m[2025-07-28 20:31:32] Blocked from WraithSoFly Blocked Flame Event from
[33m[2025-07-28 20:31:32] Blocked from WraithSoFly Blocked Flame Event from
[33m[2025-07-28 20:31:32] Blocked from WraithSoFly Blocked Flame Event from
[33m[2025-07-28 20:31:32] Blocked from WraithSoFly Blocked Flame Event from
[33m[2025-07-28 20:31:32] Blocked from WraithSoFly Blocked Flame Event from
[33m[2025-07-28 20:31:32] Blocked from WraithSoFly Blocked Flame Event from
[33m[2025-07-28 20:31:32] Blocked from WraithSoFly Blocked Flame Event from
[33m[2025-07-28 20:31:32] Blocked from WraithSoFly Blocked Flame Event from
[33m[2025-07-28 20:31:32] Blocked from WraithSoFly Blocked Flame Event from
[33m[2025-07-28 20:31:32] Blocked from WraithSoFly Blocked Flame Event from
[33m[2025-07-28 20:31:32] Blocked from WraithSoFly Blocked Flame Event from
[33m[2025-07-28 20:31:32] Blocked from WraithSoFly Blocked Flame Event from
[33m[2025-07-28 20:31:47] Blocked from Null Player! Task Crash Event
[33m[2025-07-28 20:31:47] Blocked from myyssto Task Crash Event
[33m[2025-07-28 20:55:09] Blocked from DetectiveSaihara Blocked Flame Event from
[33m[2025-07-28 20:55:09] Blocked from DetectiveSaihara Blocked Flame Event from
[33m[2025-07-28 20:55:09] Blocked from DetectiveSaihara Blocked Flame Event from
[33m[2025-07-28 20:55:09] Blocked from DetectiveSaihara Blocked Flame Event from
[33m[2025-07-28 20:55:09] Blocked from DetectiveSaihara Blocked Flame Event from
[33m[2025-07-28 20:55:10] Blocked from DetectiveSaihara Blocked Flame Event from
[33m[2025-07-28 20:55:10] Blocked from DetectiveSaihara Blocked Flame Event from
[33m[2025-07-28 20:55:10] Blocked from DetectiveSaihara Blocked Flame Event from
[33m[2025-07-28 20:56:29] Blocked from WhovianKyle Blocked Flame Event from
[33m[2025-07-28 20:56:29] Blocked from Havok_demon Blocked Flame Event from
[33m[2025-07-28 20:56:29] Blocked from Anastajia77 Blocked Flame Event from
[33m[2025-07-28 20:56:29] Blocked from Anastajia77 Blocked Flame Event from
[33m[2025-07-28 20:56:29] Blocked from Anastajia77 Blocked Flame Event from
[33m[2025-07-28 20:56:29] Blocked from DetectiveSaihara Blocked Flame Event from
[33m[2025-07-28 20:56:29] Blocked from WhovianKyle Blocked Flame Event from
[33m[2025-07-28 20:56:29] Blocked from HyperRoku Blocked Flame Event from
[33m[2025-07-28 20:56:29] Blocked from DetectiveSaihara Blocked Flame Event from
[33m[2025-07-28 20:56:29] Blocked from Anastajia77 Blocked Flame Event from
[33m[2025-07-28 20:56:29] Blocked from Anastajia77 Blocked Flame Event from
[33m[2025-07-28 20:56:29] Blocked from Anastajia77 Blocked Flame Event from
[33m[2025-07-28 20:56:29] Blocked from WhovianKyle Blocked Flame Event from
[33m[2025-07-28 20:56:29] Blocked from WhovianKyle Blocked Flame Event from
[33m[2025-07-28 20:56:29] Blocked from Havok_demon Blocked Flame Event from
[33m[2025-07-28 20:56:29] Blocked from Havok_demon Blocked Flame Event from
[33m[2025-07-28 20:56:29] Blocked from DetectiveSaihara Blocked Flame Event from
[33m[2025-07-28 20:56:29] Blocked from Anastajia77 Blocked Flame Event from
[33m[2025-07-28 20:56:29] Blocked from Anastajia77 Blocked Flame Event from
[33m[2025-07-28 20:56:29] Blocked from Anastajia77 Blocked Flame Event from
[33m[2025-07-28 20:56:29] Blocked from Anastajia77 Blocked Flame Event from
[33m[2025-07-28 20:56:29] Blocked from HyperRoku Blocked Flame Event from
[33m[2025-07-28 20:56:29] Blocked from HyperRoku Blocked Flame Event from
[33m[2025-07-28 20:56:29] Blocked from ChiniChad Blocked Flame Event from
[33m[2025-07-28 20:56:29] Blocked from Havok_demon Blocked Flame Event from
[33m[2025-07-28 20:56:29] Blocked from Havok_demon Blocked Flame Event from
[33m[2025-07-28 20:56:29] Blocked from DetectiveSaihara Blocked Flame Event from
[33m[2025-07-28 20:56:29] Blocked from DetectiveSaihara Blocked Flame Event from
[33m[2025-07-28 20:56:29] Blocked from Anastajia77 Blocked Flame Event from
[33m[2025-07-28 20:56:29] Blocked from Anastajia77 Blocked Flame Event from
[33m[2025-07-28 20:56:29] Blocked from Anastajia77 Blocked Flame Event from
[33m[2025-07-28 20:56:29] Blocked from Anastajia77 Blocked Flame Event from
[33m[2025-07-28 20:56:29] Blocked from Anastajia77 Blocked Flame Event from
[33m[2025-07-28 20:56:29] Blocked from WhovianKyle Blocked Flame Event from
[33m[2025-07-28 20:56:29] Blocked from WhovianKyle Blocked Flame Event from
[33m[2025-07-28 20:56:29] Blocked from HyperRoku Blocked Flame Event from
[33m[2025-07-28 20:56:29] Blocked from DetectiveSaihara Blocked Flame Event from
[33m[2025-07-28 20:56:29] Blocked from DetectiveSaihara Blocked Flame Event from
[33m[2025-07-28 20:56:29] Blocked from ChiniChad Blocked Flame Event from
[33m[2025-07-28 20:56:29] Blocked from Havok_demon Blocked Flame Event from
[33m[2025-07-28 20:56:29] Blocked from WhovianKyle Blocked Flame Event from
[33m[2025-07-28 20:56:29] Blocked from Anastajia77 Blocked Flame Event from
[33m[2025-07-28 20:56:29] Blocked from Anastajia77 Blocked Flame Event from
[33m[2025-07-28 20:56:29] Blocked from Anastajia77 Blocked Flame Event from
[33m[2025-07-28 20:56:29] Blocked from Anastajia77 Blocked Flame Event from
[33m[2025-07-28 20:56:29] Blocked from Anastajia77 Blocked Flame Event from
[33m[2025-07-28 20:56:29] Blocked from HyperRoku Blocked Flame Event from
[33m[2025-07-28 20:56:29] Blocked from Havok_demon Blocked Flame Event from
[33m[2025-07-28 20:56:29] Blocked from Havok_demon Blocked Flame Event from
[33m[2025-07-28 20:56:29] Blocked from DetectiveSaihara Blocked Flame Event from
[33m[2025-07-28 20:56:29] Blocked from DetectiveSaihara Blocked Flame Event from
[33m[2025-07-28 20:56:29] Blocked from Anastajia77 Blocked Flame Event from
[33m[2025-07-28 20:56:29] Blocked from Anastajia77 Blocked Flame Event from
[33m[2025-07-28 20:56:29] Blocked from Anastajia77 Blocked Flame Event from
[33m[2025-07-28 20:56:29] Blocked from Anastajia77 Blocked Flame Event from
[33m[2025-07-28 20:56:29] Blocked from Anastajia77 Blocked Flame Event from
[33m[2025-07-28 20:56:29] Blocked from Anastajia77 Blocked Flame Event from
[33m[2025-07-28 20:56:29] Blocked from Anastajia77 Blocked Flame Event from
[33m[2025-07-28 20:56:29] Blocked from Anastajia77 Blocked Flame Event from
[33m[2025-07-28 20:56:29] Blocked from Anastajia77 Blocked Flame Event from
[33m[2025-07-28 20:56:29] Blocked from WhovianKyle Blocked Flame Event from
[33m[2025-07-28 20:56:29] Blocked from HyperRoku Blocked Flame Event from
[33m[2025-07-28 20:56:29] Blocked from HyperRoku Blocked Flame Event from
[33m[2025-07-28 20:56:29] Blocked from DetectiveSaihara Blocked Flame Event from
[33m[2025-07-28 20:56:29] Blocked from Havok_demon Blocked Flame Event from
[33m[2025-07-28 20:56:29] Blocked from ChiniChad Blocked Flame Event from
[33m[2025-07-28 20:56:29] Blocked from ChiniChad Blocked Flame Event from
[33m[2025-07-28 20:56:29] Blocked from Anastajia77 Blocked Flame Event from
[33m[2025-07-28 20:56:29] Blocked from Anastajia77 Blocked Flame Event from
[33m[2025-07-28 20:56:29] Blocked from Anastajia77 Blocked Flame Event from
[33m[2025-07-28 20:56:29] Blocked from WhovianKyle Blocked Flame Event from
[33m[2025-07-28 20:56:29] Blocked from WhovianKyle Blocked Flame Event from
[33m[2025-07-28 20:56:29] Blocked from HyperRoku Blocked Flame Event from
[33m[2025-07-28 20:56:29] Blocked from HyperRoku Blocked Flame Event from
[33m[2025-07-28 20:56:29] Blocked from HyperRoku Blocked Flame Event from
[33m[2025-07-28 20:56:29] Blocked from HyperRoku Blocked Flame Event from
[33m[2025-07-28 20:56:29] Blocked from ChiniChad Blocked Flame Event from
[33m[2025-07-28 20:56:29] Blocked from DetectiveSaihara Blocked Flame Event from
[33m[2025-07-28 20:56:29] Blocked from DetectiveSaihara Blocked Flame Event from
[33m[2025-07-28 20:56:29] Blocked from Havok_demon Blocked Flame Event from
[33m[2025-07-28 20:56:29] Blocked from Havok_demon Blocked Flame Event from
[33m[2025-07-28 20:56:29] Blocked from Havok_demon Blocked Flame Event from
[33m[2025-07-28 20:56:29] Blocked from WhovianKyle Blocked Flame Event from
[33m[2025-07-28 20:56:29] Blocked from WhovianKyle Blocked Flame Event from
[33m[2025-07-28 20:56:29] Blocked from WhovianKyle Blocked Flame Event from
[33m[2025-07-28 20:56:29] Blocked from Anastajia77 Blocked Flame Event from
[33m[2025-07-28 20:56:29] Blocked from Anastajia77 Blocked Flame Event from
[33m[2025-07-28 20:56:29] Blocked from Anastajia77 Blocked Flame Event from
[33m[2025-07-28 20:56:29] Blocked from Anastajia77 Blocked Flame Event from
[33m[2025-07-28 20:56:29] Blocked from Anastajia77 Blocked Flame Event from
[33m[2025-07-28 20:56:29] Blocked from Anastajia77 Blocked Flame Event from
[33m[2025-07-28 20:56:29] Blocked from Anastajia77 Blocked Flame Event from
[33m[2025-07-28 20:56:29] Blocked from HyperRoku Blocked Flame Event from
[33m[2025-07-28 20:56:29] Blocked from HyperRoku Blocked Flame Event from
[33m[2025-07-28 20:56:29] Blocked from DetectiveSaihara Blocked Flame Event from
[33m[2025-07-28 20:56:29] Blocked from ChiniChad Blocked Flame Event from
[33m[2025-07-28 20:56:29] Blocked from ChiniChad Blocked Flame Event from
[33m[2025-07-28 20:56:29] Blocked from WhovianKyle Blocked Flame Event from
[33m[2025-07-28 20:56:29] Blocked from WhovianKyle Blocked Flame Event from
[33m[2025-07-28 20:56:29] Blocked from Anastajia77 Blocked Flame Event from
[33m[2025-07-28 20:56:29] Blocked from Anastajia77 Blocked Flame Event from
[33m[2025-07-28 20:56:29] Blocked from Anastajia77 Blocked Flame Event from
[33m[2025-07-28 20:56:29] Blocked from Anastajia77 Blocked Flame Event from
[33m[2025-07-28 20:56:29] Blocked from Anastajia77 Blocked Flame Event from
[33m[2025-07-28 20:56:29] Blocked from Anastajia77 Blocked Flame Event from
[33m[2025-07-28 20:56:29] Blocked from Anastajia77 Blocked Flame Event from
[33m[2025-07-28 20:56:29] Blocked from Havok_demon Blocked Flame Event from
[33m[2025-07-28 20:56:29] Blocked from Havok_demon Blocked Flame Event from
[33m[2025-07-28 20:56:29] Blocked from HyperRoku Blocked Flame Event from
[33m[2025-07-28 20:56:29] Blocked from DetectiveSaihara Blocked Flame Event from
[33m[2025-07-28 20:56:29] Blocked from DetectiveSaihara Blocked Flame Event from
[33m[2025-07-28 20:56:29] Blocked from Havok_demon Blocked Flame Event from
[33m[2025-07-28 20:56:29] Blocked from ChiniChad Blocked Flame Event from
[33m[2025-07-28 20:56:29] Blocked from ChiniChad Blocked Flame Event from
[33m[2025-07-28 20:56:29] Blocked from ChiniChad Blocked Flame Event from
[33m[2025-07-28 20:56:29] Blocked from Anastajia77 Blocked Flame Event from
[33m[2025-07-28 20:56:29] Blocked from Anastajia77 Blocked Flame Event from
[33m[2025-07-28 20:56:29] Blocked from Anastajia77 Blocked Flame Event from
[33m[2025-07-28 20:56:29] Blocked from Anastajia77 Blocked Flame Event from
[33m[2025-07-28 20:56:29] Blocked from Anastajia77 Blocked Flame Event from
[33m[2025-07-28 20:56:29] Blocked from WhovianKyle Blocked Flame Event from
[33m[2025-07-28 20:56:29] Blocked from WhovianKyle Blocked Flame Event from
[33m[2025-07-28 20:56:29] Blocked from HyperRoku Blocked Flame Event from
[33m[2025-07-28 20:56:29] Blocked from DetectiveSaihara Blocked Flame Event from
[33m[2025-07-28 20:56:29] Blocked from DetectiveSaihara Blocked Flame Event from
[33m[2025-07-28 20:56:29] Blocked from WhovianKyle Blocked Flame Event from
[33m[2025-07-28 20:56:29] Blocked from WhovianKyle Blocked Flame Event from
[33m[2025-07-28 20:56:29] Blocked from WhovianKyle Blocked Flame Event from
[33m[2025-07-28 20:56:29] Blocked from Anastajia77 Blocked Flame Event from
[33m[2025-07-28 20:56:29] Blocked from Anastajia77 Blocked Flame Event from
[33m[2025-07-28 20:56:29] Blocked from Anastajia77 Blocked Flame Event from
[33m[2025-07-28 20:56:29] Blocked from ChiniChad Blocked Flame Event from
[33m[2025-07-28 20:56:29] Blocked from ChiniChad Blocked Flame Event from
[33m[2025-07-28 20:56:29] Blocked from Havok_demon Blocked Flame Event from
[33m[2025-07-28 20:56:29] Blocked from Havok_demon Blocked Flame Event from
[33m[2025-07-28 20:56:29] Blocked from HyperRoku Blocked Flame Event from
[33m[2025-07-28 20:56:29] Blocked from HyperRoku Blocked Flame Event from
[33m[2025-07-28 20:56:29] Blocked from HyperRoku Blocked Flame Event from
[33m[2025-07-28 20:56:29] Blocked from HyperRoku Blocked Flame Event from
[33m[2025-07-28 20:56:29] Blocked from HyperRoku Blocked Flame Event from
[33m[2025-07-28 20:56:29] Blocked from DetectiveSaihara Blocked Flame Event from
[33m[2025-07-28 20:56:29] Blocked from DetectiveSaihara Blocked Flame Event from
[33m[2025-07-28 20:56:29] Blocked from WhovianKyle Blocked Flame Event from
[33m[2025-07-28 20:56:29] Blocked from Anastajia77 Blocked Flame Event from
[33m[2025-07-28 20:56:29] Blocked from Anastajia77 Blocked Flame Event from
[33m[2025-07-28 20:56:29] Blocked from Anastajia77 Blocked Flame Event from
[33m[2025-07-28 20:56:29] Blocked from Anastajia77 Blocked Flame Event from
[33m[2025-07-28 20:56:29] Blocked from Anastajia77 Blocked Flame Event from
[33m[2025-07-28 20:56:29] Blocked from ChiniChad Blocked Flame Event from
[33m[2025-07-28 20:56:29] Blocked from Havok_demon Blocked Flame Event from
[33m[2025-07-28 20:56:29] Blocked from Havok_demon Blocked Flame Event from
[33m[2025-07-28 20:56:29] Blocked from Havok_demon Blocked Flame Event from
[33m[2025-07-28 20:56:30] Blocked from HyperRoku Blocked Flame Event from
[33m[2025-07-28 20:56:30] Blocked from HyperRoku Blocked Flame Event from
[33m[2025-07-28 20:56:30] Blocked from WhovianKyle Blocked Flame Event from
[33m[2025-07-28 20:56:30] Blocked from ChiniChad Blocked Flame Event from
[33m[2025-07-28 20:56:30] Blocked from ChiniChad Blocked Flame Event from
[33m[2025-07-28 20:56:30] Blocked from Anastajia77 Blocked Flame Event from
[33m[2025-07-28 20:56:30] Blocked from Anastajia77 Blocked Flame Event from
[33m[2025-07-28 20:56:30] Blocked from Anastajia77 Blocked Flame Event from
[33m[2025-07-28 20:56:30] Blocked from Anastajia77 Blocked Flame Event from
[33m[2025-07-28 20:56:30] Blocked from Anastajia77 Blocked Flame Event from
[33m[2025-07-28 20:56:30] Blocked from Havok_demon Blocked Flame Event from
[33m[2025-07-28 20:56:30] Blocked from DetectiveSaihara Blocked Flame Event from
[33m[2025-07-28 20:56:30] Blocked from WhovianKyle Blocked Flame Event from
[33m[2025-07-28 20:56:30] Blocked from WhovianKyle Blocked Flame Event from
[33m[2025-07-28 20:56:30] Blocked from ChiniChad Blocked Flame Event from
[33m[2025-07-28 20:56:30] Blocked from ChiniChad Blocked Flame Event from
[33m[2025-07-28 20:56:30] Blocked from ChiniChad Blocked Flame Event from
[33m[2025-07-28 20:56:30] Blocked from ChiniChad Blocked Flame Event from
[33m[2025-07-28 20:56:30] Blocked from ChiniChad Blocked Flame Event from
[33m[2025-07-28 20:56:30] Blocked from Havok_demon Blocked Flame Event from
[33m[2025-07-28 20:56:30] Blocked from DetectiveSaihara Blocked Flame Event from
[33m[2025-07-28 20:56:30] Blocked from WhovianKyle Blocked Flame Event from
[33m[2025-07-28 20:56:30] Blocked from ChiniChad Blocked Flame Event from
[33m[2025-07-28 20:56:30] Blocked from Havok_demon Blocked Flame Event from
[33m[2025-07-28 20:56:30] Blocked from HyperRoku Blocked Flame Event from
[33m[2025-07-28 20:56:30] Blocked from HyperRoku Blocked Flame Event from
[33m[2025-07-28 20:56:30] Blocked from DetectiveSaihara Blocked Flame Event from
[33m[2025-07-28 20:56:30] Blocked from DetectiveSaihara Blocked Flame Event from
[33m[2025-07-28 20:56:30] Blocked from WhovianKyle Blocked Flame Event from
[33m[2025-07-28 20:56:30] Blocked from Havok_demon Blocked Flame Event from
[33m[2025-07-28 20:56:30] Blocked from Anastajia77 Blocked Flame Event from
[33m[2025-07-28 20:56:30] Blocked from ChiniChad Blocked Flame Event from
[33m[2025-07-28 20:56:30] Blocked from Havok_demon Blocked Flame Event from
[33m[2025-07-28 20:56:30] Blocked from ChiniChad Blocked Flame Event from
[33m[2025-07-28 20:56:30] Blocked from Anastajia77 Blocked Flame Event from
[33m[2025-07-28 20:56:30] Blocked from ChiniChad Blocked Flame Event from
[33m[2025-07-28 20:56:30] Blocked from ChiniChad Blocked Flame Event from
[33m[2025-07-28 20:56:30] Blocked from Havok_demon Blocked Flame Event from
[33m[2025-07-28 20:56:30] Blocked from Anastajia77 Blocked Flame Event from
[33m[2025-07-28 20:56:30] Blocked from ChiniChad Blocked Flame Event from
