[32m[2025-11-19 11:07:34] Welcome to Family Menu
[32m[2025-11-19 11:07:34] Free Application
[32m[2025-11-19 11:07:34] https://discord.gg/4Xz2ERPw
[34m[2025-11-19 11:07:35] Gt hook
[34m[2025-11-19 11:07:35] Gp hook
[34m[2025-11-19 11:07:35] Is hook
[34m[2025-11-19 11:07:35] St hook
[34m[2025-11-19 11:07:35] Gi hook
[34m[2025-11-19 11:07:35] Id hook
[34m[2025-11-19 11:07:35] Ic hook
[34m[2025-11-19 11:07:35] Ph hook
[34m[2025-11-19 11:07:35] Fv hook
[34m[2025-11-19 11:07:35] Gh hook
[34m[2025-11-19 11:07:35] Ht hook
[34m[2025-11-19 11:07:36] Iq hook
[34m[2025-11-19 11:07:36] Qd hook
[34m[2025-11-19 11:07:36] Gl hook
[34m[2025-11-19 11:07:36] Se hook
[34m[2025-11-19 11:07:36] Gf hook
[34m[2025-11-19 11:07:36] Vf hook
[34m[2025-11-19 11:07:36] Vx hook
[34m[2025-11-19 11:07:36] Ct hook
[34m[2025-11-19 11:07:36] Sm hook
[34m[2025-11-19 11:07:36] Hd hook
[34m[2025-11-19 11:07:36] Sg hook
[34m[2025-11-19 11:07:36] Dc hook
[34m[2025-11-19 11:07:36] Gf hook
[34m[2025-11-19 11:07:36] Tf hook
[34m[2025-11-19 11:07:36] Eb hook
[34m[2025-11-19 11:07:36] Wp hook
[34m[2025-11-19 11:07:36] Vp Hook
[34m[2025-11-19 11:07:36] Pp Hook
[34m[2025-11-19 11:07:36] Ws hook
[34m[2025-11-19 11:07:36] Hg hook
[34m[2025-11-19 11:07:36] Ea hook
[34m[2025-11-19 11:07:36] No hook
[34m[2025-11-19 11:07:36] Op Hook
[34m[2025-11-19 11:07:36] Pi Hook
[34m[2025-11-19 11:07:36] Hq hook
[34m[2025-11-19 11:07:36] Hc hook
[34m[2025-11-19 11:07:36] Go hook
[34m[2025-11-19 11:07:36] Nr hook
[34m[2025-11-19 11:07:36] Ca hook
[34m[2025-11-19 11:07:36] Np hook
[34m[2025-11-19 11:07:36] Fr Hook
[34m[2025-11-19 11:07:36] Hg hook
[34m[2025-11-19 11:07:36] Rc hook
[34m[2025-11-19 11:07:36] Aq hook
[34m[2025-11-19 11:07:36] Ai hook
[34m[2025-11-19 11:07:36] Rs hook
