[32m[2025-11-19 11:09:03] Welcome to Family Menu
[32m[2025-11-19 11:09:03] Free Application
[32m[2025-11-19 11:09:03] https://discord.gg/4Xz2ERPw
[34m[2025-11-19 11:09:03] Gt hook
[34m[2025-11-19 11:09:03] Gp hook
[34m[2025-11-19 11:09:03] Is hook
[34m[2025-11-19 11:09:03] Gi hook
[34m[2025-11-19 11:09:03] Ic hook
[34m[2025-11-19 11:09:04] St hook
[34m[2025-11-19 11:09:04] Id hook
[34m[2025-11-19 11:09:04] Gh hook
[34m[2025-11-19 11:09:04] Fv hook
[34m[2025-11-19 11:09:04] Ht hook
[34m[2025-11-19 11:09:04] Ph hook
[34m[2025-11-19 11:09:04] Qd hook
[34m[2025-11-19 11:09:04] Iq hook
[34m[2025-11-19 11:09:04] Gl hook
[34m[2025-11-19 11:09:04] Gf hook
[34m[2025-11-19 11:09:04] Vx hook
[34m[2025-11-19 11:09:04] Se hook
[34m[2025-11-19 11:09:04] Sm hook
[34m[2025-11-19 11:09:04] Ct hook
[34m[2025-11-19 11:09:04] Vf hook
[34m[2025-11-19 11:09:04] Dc hook
[34m[2025-11-19 11:09:04] Sg hook
[34m[2025-11-19 11:09:04] Ws hook
[34m[2025-11-19 11:09:04] Hd hook
[34m[2025-11-19 11:09:04] Gf hook
[34m[2025-11-19 11:09:04] Eb hook
[34m[2025-11-19 11:09:04] Tf hook
[34m[2025-11-19 11:09:04] Vp Hook
[34m[2025-11-19 11:09:04] Wp hook
[34m[2025-11-19 11:09:04] Pp Hook
[34m[2025-11-19 11:09:04] Ea hook
[34m[2025-11-19 11:09:04] No hook
[34m[2025-11-19 11:09:04] Pi Hook
[34m[2025-11-19 11:09:04] Hg hook
[34m[2025-11-19 11:09:04] Op Hook
[34m[2025-11-19 11:09:04] Hq hook
[34m[2025-11-19 11:09:04] Hc hook
[34m[2025-11-19 11:09:04] Go hook
[34m[2025-11-19 11:09:04] Ca hook
[34m[2025-11-19 11:09:05] Np hook
[34m[2025-11-19 11:09:05] Nr hook
[34m[2025-11-19 11:09:05] Rc hook
[34m[2025-11-19 11:09:05] Fr Hook
[34m[2025-11-19 11:09:05] Hg hook
[34m[2025-11-19 11:09:05] Aq hook
[34m[2025-11-19 11:09:05] Ai hook
[34m[2025-11-19 11:09:05] Rs hook
[33m[2025-11-19 11:09:05] Directx12
[32m[2025-11-19 11:09:10] Gi Info
[32m[2025-11-19 11:09:10] Sk Info
[32m[2025-11-19 11:09:10] Dg Info
[32m[2025-11-19 11:09:10] Hi Info
[32m[2025-11-19 11:09:10] Si Info
[32m[2025-11-19 11:09:10] Fi Info
[32m[2025-11-19 11:09:10] Gi Info
[32m[2025-11-19 11:09:10] Ns Info
[32m[2025-11-19 11:09:10] Fi Info
[33m[2025-11-19 11:09:10] Li Info
[32m[2025-11-19 11:09:10] Sa Info
[32m[2025-11-19 11:09:10] Menu Key : F4
[32m[2025-11-19 11:09:10] Unload Key : END
[32m[2025-11-19 11:09:10] This is our new Discord server, which was previously discontinued.
[32m[2025-11-19 11:09:10] https://discord.gg/4Xz2ERPw
