[32m[2025-07-28 21:03:51] Welcome to Family Menu
[32m[2025-07-28 21:03:51] Free Application
[32m[2025-07-28 21:03:51] https://discord.gg/4Xz2ERPw
[34m[2025-07-28 21:03:51] Gt hook
[34m[2025-07-28 21:03:51] Gp hook
[34m[2025-07-28 21:03:52] Ic hook
[34m[2025-07-28 21:03:52] Id hook
[34m[2025-07-28 21:03:52] Is hook
[34m[2025-07-28 21:03:52] Gi hook
[34m[2025-07-28 21:03:52] Fv hook
[34m[2025-07-28 21:03:52] St hook
[34m[2025-07-28 21:03:53] Ph hook
[34m[2025-07-28 21:03:53] Gh hook
[34m[2025-07-28 21:03:53] Iq hook
[34m[2025-07-28 21:03:53] Ht hook
[34m[2025-07-28 21:03:53] Gl hook
[34m[2025-07-28 21:03:53] Qd hook
[34m[2025-07-28 21:03:54] Gf hook
[34m[2025-07-28 21:03:54] Se hook
[34m[2025-07-28 21:03:54] Sm hook
[34m[2025-07-28 21:03:54] Vf hook
[34m[2025-07-28 21:03:54] Vx hook
[34m[2025-07-28 21:03:54] Ct hook
[34m[2025-07-28 21:03:55] Dc hook
[34m[2025-07-28 21:03:55] Sg hook
[34m[2025-07-28 21:03:55] Hd hook
[34m[2025-07-28 21:03:55] Tf hook
[34m[2025-07-28 21:03:55] Eb hook
[34m[2025-07-28 21:03:55] Gf hook
[34m[2025-07-28 21:03:56] Pp Hook
[34m[2025-07-28 21:03:56] Hg hook
[34m[2025-07-28 21:03:56] Wp hook
[34m[2025-07-28 21:03:56] Ws hook
[34m[2025-07-28 21:03:56] Vp Hook
[34m[2025-07-28 21:03:56] Ea hook
[34m[2025-07-28 21:03:56] Pi Hook
[34m[2025-07-28 21:03:56] Hq hook
[34m[2025-07-28 21:03:56] Op Hook
[34m[2025-07-28 21:03:56] No hook
[34m[2025-07-28 21:03:56] Hc hook
[34m[2025-07-28 21:03:57] Nr hook
[34m[2025-07-28 21:03:57] Np hook
[34m[2025-07-28 21:03:57] Ca hook
[34m[2025-07-28 21:03:57] Go hook
[34m[2025-07-28 21:03:57] Fr Hook
[34m[2025-07-28 21:03:57] Hg hook
[34m[2025-07-28 21:03:57] Rc hook
[34m[2025-07-28 21:03:57] Aq hook
[34m[2025-07-28 21:03:57] Ai hook
[34m[2025-07-28 21:03:58] Rs hook
[33m[2025-07-28 21:03:58] Directx12
[32m[2025-07-28 21:04:03] Gi Info
[32m[2025-07-28 21:04:03] Sk Info
[32m[2025-07-28 21:04:03] Dg Info
[32m[2025-07-28 21:04:03] Hi Info
[32m[2025-07-28 21:04:03] Si Info
[32m[2025-07-28 21:04:03] Fi Info
[32m[2025-07-28 21:04:03] Gi Info
[32m[2025-07-28 21:04:03] Ns Info
[32m[2025-07-28 21:04:03] Fi Info
[33m[2025-07-28 21:04:03] Li Info
[32m[2025-07-28 21:04:03] Sa Info
[32m[2025-07-28 21:04:03] Menu Key : F4
[32m[2025-07-28 21:04:03] Unload Key : END
[32m[2025-07-28 21:04:03] This is our new Discord server, which was previously discontinued.
[32m[2025-07-28 21:04:03] https://discord.gg/4Xz2ERPw
[33m[2025-07-28 21:15:14] Blocked from ANDCAR31 Blocked Flame Event from
[33m[2025-07-28 21:15:14] Blocked from ANDCAR31 Blocked Flame Event from
[33m[2025-07-28 21:15:14] Blocked from ANDCAR31 Blocked Flame Event from
[33m[2025-07-28 21:15:15] Blocked from ANDCAR31 Blocked Flame Event from
[33m[2025-07-28 21:15:15] Blocked from ANDCAR31 Blocked Flame Event from
[33m[2025-07-28 21:15:15] Blocked from ANDCAR31 Blocked Flame Event from
[33m[2025-07-28 21:15:18] Blocked from ANDCAR31 Blocked Flame Event from
[33m[2025-07-28 21:15:18] Blocked from ANDCAR31 Blocked Flame Event from
[33m[2025-07-28 21:15:18] Blocked from ANDCAR31 Blocked Flame Event from
[33m[2025-07-28 21:15:18] Blocked from ANDCAR31 Blocked Flame Event from
[33m[2025-07-28 21:15:18] Blocked from ANDCAR31 Blocked Flame Event from
[33m[2025-07-28 21:15:18] Blocked from ANDCAR31 Blocked Flame Event from
[33m[2025-07-28 21:15:21] Blocked from ANDCAR31 Blocked Flame Event from
[33m[2025-07-28 21:15:21] Blocked from ANDCAR31 Blocked Flame Event from
[33m[2025-07-28 21:15:21] Blocked from ANDCAR31 Blocked Flame Event from
[33m[2025-07-28 21:15:22] Blocked from ANDCAR31 Blocked Flame Event from
[33m[2025-07-28 21:15:22] Blocked from ANDCAR31 Blocked Flame Event from
[33m[2025-07-28 21:15:22] Blocked from ANDCAR31 Blocked Flame Event from
[33m[2025-07-28 21:15:22] Blocked from ANDCAR31 Blocked Flame Event from
[33m[2025-07-28 21:15:22] Blocked from ANDCAR31 Blocked Flame Event from
[33m[2025-07-28 21:15:23] Blocked from ANDCAR31 Blocked Flame Event from
[33m[2025-07-28 21:15:23] Blocked from ANDCAR31 Blocked Flame Event from
[33m[2025-07-28 21:15:23] Blocked from ANDCAR31 Blocked Flame Event from
[33m[2025-07-28 21:15:23] Blocked from ANDCAR31 Blocked Flame Event from
[33m[2025-07-28 21:15:23] Blocked from ANDCAR31 Blocked Flame Event from
[33m[2025-07-28 21:15:23] Blocked from ANDCAR31 Blocked Flame Event from
[33m[2025-07-28 21:15:24] Blocked from ANDCAR31 Blocked Flame Event from
[33m[2025-07-28 21:15:24] Blocked from ANDCAR31 Blocked Flame Event from
[33m[2025-07-28 21:15:24] Blocked from ANDCAR31 Blocked Flame Event from
[33m[2025-07-28 21:15:24] Blocked from ANDCAR31 Blocked Flame Event from
[33m[2025-07-28 21:15:24] Blocked from ANDCAR31 Blocked Flame Event from
[33m[2025-07-28 21:15:24] Blocked from ANDCAR31 Blocked Flame Event from
[33m[2025-07-28 21:15:24] Blocked from ANDCAR31 Blocked Flame Event from
[33m[2025-07-28 21:15:24] Blocked from ANDCAR31 Blocked Flame Event from
[33m[2025-07-28 21:15:24] Blocked from ANDCAR31 Blocked Flame Event from
[33m[2025-07-28 21:15:24] Blocked from ANDCAR31 Blocked Flame Event from
[33m[2025-07-28 21:15:24] Blocked from ANDCAR31 Blocked Flame Event from
[33m[2025-07-28 21:15:25] Blocked from ANDCAR31 Blocked Flame Event from
[33m[2025-07-28 21:15:25] Blocked from ANDCAR31 Blocked Flame Event from
[33m[2025-07-28 21:15:25] Blocked from ANDCAR31 Blocked Flame Event from
[33m[2025-07-28 21:15:25] Blocked from ANDCAR31 Blocked Flame Event from
[33m[2025-07-28 21:15:25] Blocked from ANDCAR31 Blocked Flame Event from
[33m[2025-07-28 21:41:37] Blocked from Alex-47ZX Blocked Flame Event from
[33m[2025-07-28 21:41:37] Blocked from Alex-47ZX Blocked Flame Event from
[33m[2025-07-28 21:41:38] Blocked from Alex-47ZX Blocked Flame Event from
[33m[2025-07-28 21:41:38] Blocked from Alex-47ZX Blocked Flame Event from
[33m[2025-07-28 21:41:38] Blocked from Alex-47ZX Blocked Flame Event from
[33m[2025-07-28 21:41:38] Blocked from Alex-47ZX Blocked Flame Event from
[33m[2025-07-28 21:41:38] Blocked from Alex-47ZX Blocked Flame Event from
[33m[2025-07-28 21:41:38] Blocked from Alex-47ZX Blocked Flame Event from
[33m[2025-07-28 21:41:38] Blocked from Alex-47ZX Blocked Flame Event from
[33m[2025-07-28 21:41:38] Blocked from Alex-47ZX Blocked Flame Event from
[33m[2025-07-28 21:41:39] Blocked from Alex-47ZX Blocked Flame Event from
[33m[2025-07-28 21:41:39] Blocked from Alex-47ZX Blocked Flame Event from
[33m[2025-07-28 21:41:40] Blocked from Alex-47ZX Blocked Flame Event from
[33m[2025-07-28 21:41:40] Blocked from Alex-47ZX Blocked Flame Event from
[33m[2025-07-28 21:41:40] Blocked from Alex-47ZX Blocked Flame Event from
[33m[2025-07-28 21:41:40] Blocked from Alex-47ZX Blocked Flame Event from
[33m[2025-07-28 21:41:47] Blocked from Alex-47ZX Blocked Flame Event from
[33m[2025-07-28 21:41:48] Blocked from Alex-47ZX Blocked Flame Event from
