[32m[2024-07-22 16:52:15] Welcome to Family Menu
[32m[2024-07-22 16:52:15] Free Application
[32m[2024-07-22 16:52:15] https://discord.gg/4Xz2ERPw
[34m[2024-07-22 16:52:15] Gt hook
[34m[2024-07-22 16:52:16] Gp hook
[34m[2024-07-22 16:52:16] Is hook
[34m[2024-07-22 16:52:16] St hook
[34m[2024-07-22 16:52:16] Ic hook
[34m[2024-07-22 16:52:16] Id hook
[34m[2024-07-22 16:52:16] Gh hook
[34m[2024-07-22 16:52:16] Gi hook
[34m[2024-07-22 16:52:16] Fv hook
[34m[2024-07-22 16:52:16] Ph hook
[34m[2024-07-22 16:52:16] Ht hook
[34m[2024-07-22 16:52:16] Iq hook
[34m[2024-07-22 16:52:16] Qd hook
[34m[2024-07-22 16:52:16] Gl hook
[34m[2024-07-22 16:52:16] Sg hook
[34m[2024-07-22 16:52:16] Se hook
[34m[2024-07-22 16:52:16] Gf hook
[34m[2024-07-22 16:52:16] Vx hook
[34m[2024-07-22 16:52:16] Vf hook
[34m[2024-07-22 16:52:16] Sm hook
[34m[2024-07-22 16:52:16] Ct hook
[34m[2024-07-22 16:52:16] Dc hook
[34m[2024-07-22 16:52:16] Hd hook
[34m[2024-07-22 16:52:16] Tf hook
[34m[2024-07-22 16:52:16] Gf hook
[34m[2024-07-22 16:52:16] Eb hook
[34m[2024-07-22 16:52:16] Ws hook
[34m[2024-07-22 16:52:16] Pp Hook
[34m[2024-07-22 16:52:16] Wp hook
[34m[2024-07-22 16:52:16] Vp Hook
[34m[2024-07-22 16:52:16] Hg hook
[34m[2024-07-22 16:52:16] Pi Hook
[34m[2024-07-22 16:52:16] No hook
[34m[2024-07-22 16:52:16] Op Hook
[34m[2024-07-22 16:52:17] Ea hook
[34m[2024-07-22 16:52:17] Hq hook
[34m[2024-07-22 16:52:17] Hc hook
[34m[2024-07-22 16:52:17] Np hook
[34m[2024-07-22 16:52:17] Go hook
[34m[2024-07-22 16:52:17] Nr hook
[34m[2024-07-22 16:52:17] Ca hook
[34m[2024-07-22 16:52:17] Rc hook
[34m[2024-07-22 16:52:17] Fr Hook
[34m[2024-07-22 16:52:17] Hg hook
[34m[2024-07-22 16:52:17] Aq hook
[34m[2024-07-22 16:52:17] Ai hook
[34m[2024-07-22 16:52:17] Rs hook
[33m[2024-07-22 16:52:17] Vulkan
[32m[2024-07-22 16:52:17] Gi Info
[32m[2024-07-22 16:52:17] Sk Info
[32m[2024-07-22 16:52:17] Dg Info
[32m[2024-07-22 16:52:17] Hi Info
[32m[2024-07-22 16:52:17] Si Info
[32m[2024-07-22 16:52:17] Fi Info
[32m[2024-07-22 16:52:17] Gi Info
[32m[2024-07-22 16:52:17] Ns Info
[32m[2024-07-22 16:52:17] Fi Info
[33m[2024-07-22 16:52:17] Li Info
[32m[2024-07-22 16:52:17] Sa Info
[32m[2024-07-22 16:52:17] Menu Key : F4
[32m[2024-07-22 16:52:17] Unload Key : END
[32m[2024-07-22 16:52:17] This is our new Discord server, which was previously discontinued.
[32m[2024-07-22 16:52:17] https://discord.gg/4Xz2ERPw
[34m[2024-07-22 16:52:25] Hwnd
[34m[2024-07-22 16:52:35] Hwnd
[33m[2024-07-22 16:54:49] Blocked from Tacogus815 Blocked Flame Event from
[33m[2024-07-22 16:54:49] Blocked from SharktoothRidge Blocked Flame Event from
[33m[2024-07-22 16:54:49] Blocked from tbtherocker Blocked Flame Event from
[33m[2024-07-22 16:54:49] Blocked from shazazles Blocked Flame Event from
[33m[2024-07-22 16:54:49] Blocked from SigmarsHeir Blocked Flame Event from
[33m[2024-07-22 16:54:49] Blocked from SigmarsHeir Blocked Flame Event from
[33m[2024-07-22 16:54:49] Blocked from SigmarsHeir Blocked Flame Event from
[33m[2024-07-22 16:54:49] Blocked from FRIIZZ66 Blocked Flame Event from
[33m[2024-07-22 16:54:49] Blocked from SigmarsHeir Blocked Flame Event from
[33m[2024-07-22 16:54:49] Blocked from FRIIZZ66 Blocked Flame Event from
[33m[2024-07-22 16:54:49] Blocked from chupijo Blocked Flame Event from
[33m[2024-07-22 16:54:49] Blocked from chupijo Blocked Flame Event from
[33m[2024-07-22 16:54:50] Blocked from Tacogus815 Blocked Flame Event from
[33m[2024-07-22 16:54:50] Blocked from Tacogus815 Blocked Flame Event from
[33m[2024-07-22 16:54:50] Blocked from tbtherocker Blocked Flame Event from
[33m[2024-07-22 16:54:50] Blocked from SigmarsHeir Blocked Flame Event from
[33m[2024-07-22 16:54:50] Blocked from SigmarsHeir Blocked Flame Event from
[33m[2024-07-22 16:54:50] Blocked from FRIIZZ66 Blocked Flame Event from
[33m[2024-07-22 16:54:50] Blocked from Tacogus815 Blocked Flame Event from
[33m[2024-07-22 16:54:50] Blocked from Tacogus815 Blocked Flame Event from
[33m[2024-07-22 16:54:50] Blocked from chupijo Blocked Flame Event from
[33m[2024-07-22 16:54:50] Blocked from tbtherocker Blocked Flame Event from
[33m[2024-07-22 16:54:50] Blocked from SigmarsHeir Blocked Flame Event from
[33m[2024-07-22 16:54:50] Blocked from FRIIZZ66 Blocked Flame Event from
[33m[2024-07-22 16:54:50] Blocked from SigmarsHeir Blocked Flame Event from
[33m[2024-07-22 16:54:50] Blocked from FRIIZZ66 Blocked Flame Event from
[33m[2024-07-22 16:54:50] Blocked from SigmarsHeir Blocked Flame Event from
[33m[2024-07-22 16:54:50] Blocked from chupijo Blocked Flame Event from
[33m[2024-07-22 16:54:50] Blocked from FRIIZZ66 Blocked Flame Event from
[33m[2024-07-22 16:54:50] Blocked from FRIIZZ66 Blocked Flame Event from
[33m[2024-07-22 16:54:50] Blocked from SigmarsHeir Blocked Flame Event from
[33m[2024-07-22 16:54:51] Blocked from SigmarsHeir Blocked Flame Event from
[33m[2024-07-22 16:54:51] Blocked from chupijo Blocked Flame Event from
[33m[2024-07-22 16:54:51] Blocked from FRIIZZ66 Blocked Flame Event from
[33m[2024-07-22 16:54:51] Blocked from SigmarsHeir Blocked Flame Event from
[33m[2024-07-22 16:54:51] Blocked from SigmarsHeir Blocked Flame Event from
[33m[2024-07-22 16:54:51] Blocked from Tacogus815 Blocked Flame Event from
[33m[2024-07-22 16:54:51] Blocked from SharktoothRidge Blocked Flame Event from
[33m[2024-07-22 16:54:52] Blocked from FRIIZZ66 Blocked Flame Event from
[33m[2024-07-22 16:54:52] Blocked from FRIIZZ66 Blocked Flame Event from
[33m[2024-07-22 16:54:52] Blocked from Tacogus815 Blocked Flame Event from
[33m[2024-07-22 16:54:52] Blocked from FRIIZZ66 Blocked Flame Event from
[33m[2024-07-22 16:54:52] Blocked from Tacogus815 Blocked Flame Event from
[33m[2024-07-22 16:54:53] Blocked from tbtherocker Blocked Flame Event from
[33m[2024-07-22 16:54:53] Blocked from SigmarsHeir Blocked Flame Event from
[33m[2024-07-22 16:54:53] Blocked from SigmarsHeir Blocked Flame Event from
[33m[2024-07-22 16:54:53] Blocked from SigmarsHeir Blocked Flame Event from
[33m[2024-07-22 16:54:53] Blocked from SigmarsHeir Blocked Flame Event from
[33m[2024-07-22 16:54:53] Blocked from SigmarsHeir Blocked Flame Event from
[33m[2024-07-22 16:54:54] Blocked from SigmarsHeir Blocked Flame Event from
[33m[2024-07-22 16:54:55] Blocked from SigmarsHeir Blocked Flame Event from
[33m[2024-07-22 16:54:55] Blocked from SigmarsHeir Blocked Flame Event from
[33m[2024-07-22 16:54:55] Blocked from SigmarsHeir Blocked Flame Event from
[33m[2024-07-22 16:54:57] Blocked from SigmarsHeir Blocked Flame Event from
[33m[2024-07-22 16:54:57] Blocked from SigmarsHeir Blocked Flame Event from
[33m[2024-07-22 16:54:58] Blocked from SigmarsHeir Blocked Flame Event from
[33m[2024-07-22 16:55:00] Blocked from SigmarsHeir Blocked Flame Event from
[33m[2024-07-22 16:55:00] Blocked from SigmarsHeir Blocked Flame Event from
[33m[2024-07-22 16:55:42] Blocked from SigmarsHeir Blocked Flame Event from
[33m[2024-07-22 16:55:42] Blocked from Tacogus815 Blocked Flame Event from
[33m[2024-07-22 16:55:43] Blocked from shazazles Blocked Flame Event from
[33m[2024-07-22 16:55:43] Blocked from .tr0jan Blocked Flame Event from
[33m[2024-07-22 16:55:43] Blocked from Tacogus815 Blocked Flame Event from
[33m[2024-07-22 16:55:43] Blocked from chupijo Blocked Flame Event from
[33m[2024-07-22 16:55:43] Blocked from SharktoothRidge Blocked Flame Event from
[33m[2024-07-22 16:55:43] Blocked from chupijo Blocked Flame Event from
[33m[2024-07-22 16:55:43] Blocked from .tr0jan Blocked Flame Event from
[33m[2024-07-22 16:55:43] Blocked from chupijo Blocked Flame Event from
[33m[2024-07-22 16:55:43] Blocked from .tr0jan Blocked Flame Event from
[33m[2024-07-22 16:55:43] Blocked from .tr0jan Blocked Flame Event from
[33m[2024-07-22 16:55:43] Blocked from .tr0jan Blocked Flame Event from
[33m[2024-07-22 16:55:43] Blocked from chupijo Blocked Flame Event from
[33m[2024-07-22 16:55:43] Blocked from .tr0jan Blocked Flame Event from
[33m[2024-07-22 16:59:17] Blocked from Null Player! Task Crash Event
[33m[2024-07-22 16:59:17] Blocked from Null Player! Task Crash Event
[33m[2024-07-22 16:59:21] Blocked from Null Player! Task Crash Event
[33m[2024-07-22 16:59:22] Blocked from Null Player! Task Crash Event
[33m[2024-07-22 16:59:23] Blocked from Tacogus815 Task Crash Event
[33m[2024-07-22 16:59:23] Blocked from Tacogus815 Task Crash Event
[33m[2024-07-22 16:59:23] Blocked from Null Player! Task Crash Event
[33m[2024-07-22 16:59:23] Blocked from Null Player! Task Crash Event
[33m[2024-07-22 16:59:23] Blocked from Tacogus815 Task Crash Event
[33m[2024-07-22 16:59:23] Blocked from Tacogus815 Task Crash Event
[33m[2024-07-22 16:59:24] Blocked from Null Player! Task Crash Event
[33m[2024-07-22 16:59:24] Blocked from Tacogus815 Task Crash Event
[33m[2024-07-22 16:59:24] Blocked from Null Player! Task Crash Event
[33m[2024-07-22 16:59:24] Blocked from Tacogus815 Task Crash Event
[33m[2024-07-22 16:59:24] Blocked from Null Player! Task Crash Event
[33m[2024-07-22 16:59:24] Blocked from Tacogus815 Task Crash Event
[33m[2024-07-22 16:59:24] Blocked from Null Player! Task Crash Event
[33m[2024-07-22 16:59:24] Blocked from Tacogus815 Task Crash Event
[33m[2024-07-22 16:59:24] Blocked from Null Player! Task Crash Event
[33m[2024-07-22 16:59:24] Blocked from Tacogus815 Task Crash Event
[33m[2024-07-22 16:59:25] Blocked from Null Player! Task Crash Event
[33m[2024-07-22 16:59:25] Blocked from Tacogus815 Task Crash Event
[33m[2024-07-22 16:59:25] Blocked from Null Player! Task Crash Event
[33m[2024-07-22 16:59:25] Blocked from Tacogus815 Task Crash Event
[33m[2024-07-22 16:59:25] Blocked from Null Player! Task Crash Event
[33m[2024-07-22 16:59:25] Blocked from Tacogus815 Task Crash Event
[33m[2024-07-22 16:59:25] Blocked from Null Player! Task Crash Event
[33m[2024-07-22 16:59:25] Blocked from Tacogus815 Task Crash Event
[33m[2024-07-22 16:59:25] Blocked from Null Player! Task Crash Event
[33m[2024-07-22 16:59:25] Blocked from Tacogus815 Task Crash Event
[33m[2024-07-22 16:59:25] Blocked from Null Player! Task Crash Event
[33m[2024-07-22 16:59:25] Blocked from Tacogus815 Task Crash Event
[33m[2024-07-22 16:59:25] Blocked from Null Player! Task Crash Event
[33m[2024-07-22 16:59:25] Blocked from Tacogus815 Task Crash Event
[33m[2024-07-22 16:59:26] Blocked from Null Player! Task Crash Event
[33m[2024-07-22 16:59:26] Blocked from Tacogus815 Task Crash Event
[33m[2024-07-22 16:59:26] Blocked from Null Player! Task Crash Event
[33m[2024-07-22 16:59:26] Blocked from Tacogus815 Task Crash Event
[33m[2024-07-22 16:59:26] Blocked from Null Player! Task Crash Event
[33m[2024-07-22 16:59:26] Blocked from Tacogus815 Task Crash Event
[33m[2024-07-22 16:59:26] Blocked from Null Player! Task Crash Event
[33m[2024-07-22 16:59:26] Blocked from Null Player! Task Crash Event
[33m[2024-07-22 16:59:27] Blocked from Tacogus815 Task Crash Event
[33m[2024-07-22 16:59:27] Blocked from Tacogus815 Task Crash Event
[33m[2024-07-22 16:59:28] Blocked from Null Player! Task Crash Event
[33m[2024-07-22 16:59:29] Blocked from Null Player! Task Crash Event
[33m[2024-07-22 16:59:30] Blocked from Tacogus815 Task Crash Event
[33m[2024-07-22 16:59:30] Blocked from Tacogus815 Task Crash Event
[33m[2024-07-22 16:59:30] Blocked from Null Player! Task Crash Event
[33m[2024-07-22 16:59:30] Blocked from Null Player! Task Crash Event
[33m[2024-07-22 16:59:30] Blocked from Tacogus815 Task Crash Event
[33m[2024-07-22 16:59:30] Blocked from Tacogus815 Task Crash Event
[33m[2024-07-22 16:59:31] Blocked from Null Player! Task Crash Event
[33m[2024-07-22 16:59:31] Blocked from Null Player! Task Crash Event
[33m[2024-07-22 16:59:32] Blocked from Tacogus815 Task Crash Event
[33m[2024-07-22 16:59:32] Blocked from Tacogus815 Task Crash Event
[33m[2024-07-22 16:59:32] Blocked from Null Player! Task Crash Event
[33m[2024-07-22 16:59:32] Blocked from Tacogus815 Task Crash Event
[33m[2024-07-22 16:59:32] Blocked from Null Player! Task Crash Event
[33m[2024-07-22 16:59:32] Blocked from Tacogus815 Task Crash Event
[33m[2024-07-22 16:59:32] Blocked from Null Player! Task Crash Event
[33m[2024-07-22 16:59:32] Blocked from Null Player! Task Crash Event
[33m[2024-07-22 16:59:32] Blocked from Tacogus815 Task Crash Event
[33m[2024-07-22 16:59:32] Blocked from Tacogus815 Task Crash Event
[33m[2024-07-22 16:59:32] Blocked from Null Player! Task Crash Event
[33m[2024-07-22 16:59:32] Blocked from Tacogus815 Task Crash Event
[33m[2024-07-22 16:59:32] Blocked from Null Player! Task Crash Event
[33m[2024-07-22 16:59:32] Blocked from Tacogus815 Task Crash Event
[33m[2024-07-22 16:59:32] Blocked from Null Player! Task Crash Event
[33m[2024-07-22 16:59:32] Blocked from Tacogus815 Task Crash Event
[33m[2024-07-22 16:59:33] Blocked from Null Player! Task Crash Event
[33m[2024-07-22 16:59:33] Blocked from Tacogus815 Task Crash Event
[33m[2024-07-22 16:59:33] Blocked from Null Player! Task Crash Event
[33m[2024-07-22 16:59:33] Blocked from Tacogus815 Task Crash Event
[33m[2024-07-22 16:59:33] Blocked from Null Player! Task Crash Event
[33m[2024-07-22 16:59:33] Blocked from Tacogus815 Task Crash Event
[33m[2024-07-22 16:59:33] Blocked from Null Player! Task Crash Event
[33m[2024-07-22 16:59:33] Blocked from Tacogus815 Task Crash Event
[33m[2024-07-22 16:59:33] Blocked from Null Player! Task Crash Event
[33m[2024-07-22 16:59:33] Blocked from Tacogus815 Task Crash Event
[33m[2024-07-22 16:59:33] Blocked from Null Player! Task Crash Event
[33m[2024-07-22 16:59:33] Blocked from Tacogus815 Task Crash Event
[33m[2024-07-22 16:59:33] Blocked from Null Player! Task Crash Event
[33m[2024-07-22 16:59:33] Blocked from Tacogus815 Task Crash Event
[33m[2024-07-22 16:59:33] Blocked from Null Player! Task Crash Event
[33m[2024-07-22 16:59:33] Blocked from Null Player! Task Crash Event
[33m[2024-07-22 16:59:34] Blocked from Tacogus815 Task Crash Event
[33m[2024-07-22 16:59:34] Blocked from Tacogus815 Task Crash Event
[33m[2024-07-22 16:59:35] Blocked from Null Player! Task Crash Event
[33m[2024-07-22 16:59:35] Blocked from Tacogus815 Task Crash Event
[33m[2024-07-22 16:59:35] Blocked from Null Player! Task Crash Event
[33m[2024-07-22 16:59:35] Blocked from Null Player! Task Crash Event
[33m[2024-07-22 16:59:35] Blocked from Tacogus815 Task Crash Event
[33m[2024-07-22 16:59:35] Blocked from Tacogus815 Task Crash Event
[33m[2024-07-22 16:59:36] Blocked from Null Player! Task Crash Event
[33m[2024-07-22 16:59:36] Blocked from Null Player! Task Crash Event
[33m[2024-07-22 16:59:36] Blocked from Tacogus815 Task Crash Event
[33m[2024-07-22 16:59:36] Blocked from Tacogus815 Task Crash Event
[33m[2024-07-22 16:59:37] Blocked from Null Player! Task Crash Event
[33m[2024-07-22 16:59:37] Blocked from Null Player! Task Crash Event
[33m[2024-07-22 16:59:37] Blocked from Tacogus815 Task Crash Event
[33m[2024-07-22 16:59:37] Blocked from Tacogus815 Task Crash Event
[33m[2024-07-22 16:59:37] Blocked from Null Player! Task Crash Event
[33m[2024-07-22 16:59:37] Blocked from Null Player! Task Crash Event
[33m[2024-07-22 16:59:37] Blocked from Tacogus815 Task Crash Event
[33m[2024-07-22 16:59:37] Blocked from Tacogus815 Task Crash Event
[33m[2024-07-22 16:59:37] Blocked from Null Player! Task Crash Event
[33m[2024-07-22 16:59:37] Blocked from Null Player! Task Crash Event
[33m[2024-07-22 16:59:37] Blocked from Tacogus815 Task Crash Event
[33m[2024-07-22 16:59:37] Blocked from Tacogus815 Task Crash Event
[33m[2024-07-22 16:59:37] Blocked from Null Player! Task Crash Event
[33m[2024-07-22 16:59:37] Blocked from Null Player! Task Crash Event
[33m[2024-07-22 16:59:37] Blocked from Tacogus815 Task Crash Event
[33m[2024-07-22 16:59:37] Blocked from Tacogus815 Task Crash Event
[33m[2024-07-22 16:59:37] Blocked from Null Player! Task Crash Event
[33m[2024-07-22 16:59:37] Blocked from Null Player! Task Crash Event
[33m[2024-07-22 16:59:37] Blocked from Tacogus815 Task Crash Event
[33m[2024-07-22 16:59:37] Blocked from Tacogus815 Task Crash Event
[33m[2024-07-22 16:59:38] Blocked from Null Player! Task Crash Event
[33m[2024-07-22 16:59:38] Blocked from Null Player! Task Crash Event
[33m[2024-07-22 16:59:38] Blocked from Tacogus815 Task Crash Event
[33m[2024-07-22 16:59:38] Blocked from Tacogus815 Task Crash Event
[33m[2024-07-22 16:59:38] Blocked from Null Player! Task Crash Event
[33m[2024-07-22 16:59:38] Blocked from Null Player! Task Crash Event
[33m[2024-07-22 16:59:38] Blocked from Tacogus815 Task Crash Event
[33m[2024-07-22 16:59:38] Blocked from Tacogus815 Task Crash Event
[33m[2024-07-22 16:59:38] Blocked from Null Player! Task Crash Event
[33m[2024-07-22 16:59:38] Blocked from Null Player! Task Crash Event
[33m[2024-07-22 16:59:38] Blocked from Tacogus815 Task Crash Event
[33m[2024-07-22 16:59:38] Blocked from Tacogus815 Task Crash Event
[33m[2024-07-22 16:59:38] Blocked from Null Player! Task Crash Event
[33m[2024-07-22 16:59:38] Blocked from Null Player! Task Crash Event
[33m[2024-07-22 16:59:39] Blocked from Tacogus815 Task Crash Event
[33m[2024-07-22 16:59:39] Blocked from Tacogus815 Task Crash Event
[33m[2024-07-22 16:59:39] Blocked from Null Player! Task Crash Event
[33m[2024-07-22 16:59:39] Blocked from Null Player! Task Crash Event
[33m[2024-07-22 16:59:39] Blocked from Tacogus815 Task Crash Event
[33m[2024-07-22 16:59:39] Blocked from Tacogus815 Task Crash Event
[33m[2024-07-22 16:59:39] Blocked from Null Player! Task Crash Event
[33m[2024-07-22 16:59:39] Blocked from Null Player! Task Crash Event
[33m[2024-07-22 16:59:39] Blocked from Tacogus815 Task Crash Event
[33m[2024-07-22 16:59:39] Blocked from Tacogus815 Task Crash Event
[33m[2024-07-22 16:59:39] Blocked from Null Player! Task Crash Event
[33m[2024-07-22 16:59:39] Blocked from Null Player! Task Crash Event
[33m[2024-07-22 16:59:39] Blocked from Tacogus815 Task Crash Event
[33m[2024-07-22 16:59:39] Blocked from Tacogus815 Task Crash Event
[33m[2024-07-22 16:59:39] Blocked from Tacogus815 Task Crash Event
[33m[2024-07-22 16:59:39] Blocked from Tacogus815 Task Crash Event
[33m[2024-07-22 16:59:40] Blocked from Null Player! Task Crash Event
[33m[2024-07-22 16:59:40] Blocked from Tacogus815 Task Crash Event
[33m[2024-07-22 16:59:40] Blocked from Null Player! Task Crash Event
[33m[2024-07-22 16:59:40] Blocked from Null Player! Task Crash Event
[33m[2024-07-22 16:59:40] Blocked from Tacogus815 Task Crash Event
[33m[2024-07-22 16:59:40] Blocked from Tacogus815 Task Crash Event
[33m[2024-07-22 16:59:40] Blocked from Null Player! Task Crash Event
[33m[2024-07-22 16:59:40] Blocked from Null Player! Task Crash Event
[33m[2024-07-22 16:59:40] Blocked from Tacogus815 Task Crash Event
[33m[2024-07-22 16:59:40] Blocked from Tacogus815 Task Crash Event
[33m[2024-07-22 16:59:40] Blocked from Null Player! Task Crash Event
[33m[2024-07-22 16:59:40] Blocked from Null Player! Task Crash Event
[33m[2024-07-22 16:59:40] Blocked from Tacogus815 Task Crash Event
[33m[2024-07-22 16:59:40] Blocked from Tacogus815 Task Crash Event
[33m[2024-07-22 16:59:40] Blocked from Null Player! Task Crash Event
[33m[2024-07-22 16:59:40] Blocked from Null Player! Task Crash Event
[33m[2024-07-22 16:59:40] Blocked from Tacogus815 Task Crash Event
[33m[2024-07-22 16:59:40] Blocked from Tacogus815 Task Crash Event
[33m[2024-07-22 16:59:40] Blocked from Tacogus815 Task Crash Event
[33m[2024-07-22 16:59:41] Blocked from Tacogus815 Task Crash Event
[33m[2024-07-22 16:59:41] Blocked from Null Player! Task Crash Event
[33m[2024-07-22 16:59:41] Blocked from Tacogus815 Task Crash Event
[33m[2024-07-22 16:59:41] Blocked from Null Player! Task Crash Event
[33m[2024-07-22 16:59:41] Blocked from Tacogus815 Task Crash Event
[33m[2024-07-22 16:59:41] Blocked from Null Player! Task Crash Event
[33m[2024-07-22 16:59:41] Blocked from Tacogus815 Task Crash Event
[33m[2024-07-22 16:59:41] Blocked from Null Player! Task Crash Event
[33m[2024-07-22 16:59:41] Blocked from Tacogus815 Task Crash Event
[33m[2024-07-22 16:59:41] Blocked from Null Player! Task Crash Event
[33m[2024-07-22 16:59:41] Blocked from Tacogus815 Task Crash Event
[33m[2024-07-22 16:59:41] Blocked from Null Player! Task Crash Event
[33m[2024-07-22 16:59:41] Blocked from Tacogus815 Task Crash Event
[33m[2024-07-22 16:59:41] Blocked from Null Player! Task Crash Event
[33m[2024-07-22 16:59:42] Blocked from Null Player! Task Crash Event
[33m[2024-07-22 16:59:42] Blocked from Tacogus815 Task Crash Event
[33m[2024-07-22 16:59:42] Blocked from Tacogus815 Task Crash Event
[33m[2024-07-22 16:59:42] Blocked from Null Player! Task Crash Event
[33m[2024-07-22 16:59:42] Blocked from Null Player! Task Crash Event
[33m[2024-07-22 16:59:42] Blocked from Tacogus815 Task Crash Event
[33m[2024-07-22 16:59:42] Blocked from Tacogus815 Task Crash Event
[33m[2024-07-22 16:59:42] Blocked from Null Player! Task Crash Event
[33m[2024-07-22 16:59:42] Blocked from Tacogus815 Task Crash Event
[33m[2024-07-22 16:59:43] Blocked from Null Player! Task Crash Event
[33m[2024-07-22 16:59:43] Blocked from Tacogus815 Task Crash Event
[33m[2024-07-22 16:59:43] Blocked from Null Player! Task Crash Event
[33m[2024-07-22 16:59:43] Blocked from Tacogus815 Task Crash Event
[33m[2024-07-22 16:59:43] Blocked from Null Player! Task Crash Event
[33m[2024-07-22 16:59:43] Blocked from Tacogus815 Task Crash Event
[33m[2024-07-22 16:59:43] Blocked from Null Player! Task Crash Event
[33m[2024-07-22 16:59:43] Blocked from Tacogus815 Task Crash Event
[33m[2024-07-22 16:59:43] Blocked from Null Player! Task Crash Event
[33m[2024-07-22 16:59:43] Blocked from Tacogus815 Task Crash Event
[33m[2024-07-22 16:59:44] Blocked from Null Player! Task Crash Event
[33m[2024-07-22 16:59:44] Blocked from Tacogus815 Task Crash Event
[33m[2024-07-22 16:59:44] Blocked from Null Player! Task Crash Event
[33m[2024-07-22 16:59:44] Blocked from Tacogus815 Task Crash Event
[33m[2024-07-22 16:59:44] Blocked from Null Player! Task Crash Event
[33m[2024-07-22 16:59:44] Blocked from Tacogus815 Task Crash Event
[33m[2024-07-22 16:59:44] Blocked from Null Player! Task Crash Event
[33m[2024-07-22 16:59:44] Blocked from Tacogus815 Task Crash Event
[33m[2024-07-22 16:59:44] Blocked from Null Player! Task Crash Event
[33m[2024-07-22 16:59:44] Blocked from Tacogus815 Task Crash Event
[33m[2024-07-22 16:59:45] Blocked from Null Player! Task Crash Event
[33m[2024-07-22 16:59:45] Blocked from Tacogus815 Task Crash Event
[33m[2024-07-22 16:59:45] Blocked from Null Player! Task Crash Event
[33m[2024-07-22 16:59:45] Blocked from Tacogus815 Task Crash Event
[33m[2024-07-22 16:59:45] Blocked from Null Player! Task Crash Event
[33m[2024-07-22 16:59:45] Blocked from Tacogus815 Task Crash Event
[33m[2024-07-22 16:59:45] Blocked from Null Player! Task Crash Event
[33m[2024-07-22 16:59:45] Blocked from Tacogus815 Task Crash Event
[33m[2024-07-22 16:59:46] Blocked from Null Player! Task Crash Event
[33m[2024-07-22 16:59:46] Blocked from Tacogus815 Task Crash Event
[33m[2024-07-22 16:59:46] Blocked from Null Player! Task Crash Event
[33m[2024-07-22 16:59:46] Blocked from Tacogus815 Task Crash Event
[33m[2024-07-22 16:59:46] Blocked from Null Player! Task Crash Event
[33m[2024-07-22 16:59:46] Blocked from Tacogus815 Task Crash Event
[33m[2024-07-22 16:59:46] Blocked from Null Player! Task Crash Event
[33m[2024-07-22 16:59:47] Blocked from Tacogus815 Task Crash Event
[33m[2024-07-22 16:59:47] Blocked from Null Player! Task Crash Event
[33m[2024-07-22 16:59:47] Blocked from Tacogus815 Task Crash Event
[33m[2024-07-22 16:59:47] Blocked from Null Player! Task Crash Event
[33m[2024-07-22 16:59:47] Blocked from Tacogus815 Task Crash Event
[33m[2024-07-22 16:59:47] Blocked from Null Player! Task Crash Event
[33m[2024-07-22 16:59:47] Blocked from Tacogus815 Task Crash Event
[33m[2024-07-22 16:59:47] Blocked from Null Player! Task Crash Event
[33m[2024-07-22 16:59:47] Blocked from Tacogus815 Task Crash Event
[33m[2024-07-22 16:59:48] Blocked from Null Player! Task Crash Event
[33m[2024-07-22 16:59:48] Blocked from Tacogus815 Task Crash Event
[33m[2024-07-22 16:59:48] Blocked from Null Player! Task Crash Event
[33m[2024-07-22 16:59:48] Blocked from Tacogus815 Task Crash Event
[33m[2024-07-22 16:59:48] Blocked from Null Player! Task Crash Event
[33m[2024-07-22 16:59:48] Blocked from Tacogus815 Task Crash Event
[33m[2024-07-22 16:59:49] Blocked from Null Player! Task Crash Event
[33m[2024-07-22 16:59:49] Blocked from Tacogus815 Task Crash Event
[33m[2024-07-22 16:59:49] Blocked from Null Player! Task Crash Event
[33m[2024-07-22 16:59:49] Blocked from Tacogus815 Task Crash Event
[33m[2024-07-22 16:59:49] Blocked from Null Player! Task Crash Event
[33m[2024-07-22 16:59:49] Blocked from Tacogus815 Task Crash Event
[33m[2024-07-22 16:59:49] Blocked from Null Player! Task Crash Event
[33m[2024-07-22 16:59:49] Blocked from Tacogus815 Task Crash Event
[33m[2024-07-22 16:59:49] Blocked from Null Player! Task Crash Event
[33m[2024-07-22 16:59:50] Blocked from Tacogus815 Task Crash Event
[33m[2024-07-22 16:59:50] Blocked from Null Player! Task Crash Event
[33m[2024-07-22 16:59:50] Blocked from Tacogus815 Task Crash Event
[33m[2024-07-22 16:59:50] Blocked from Null Player! Task Crash Event
[33m[2024-07-22 16:59:50] Blocked from Tacogus815 Task Crash Event
[33m[2024-07-22 16:59:50] Blocked from Null Player! Task Crash Event
[33m[2024-07-22 16:59:50] Blocked from Tacogus815 Task Crash Event
[33m[2024-07-22 16:59:51] Blocked from Null Player! Task Crash Event
[33m[2024-07-22 16:59:51] Blocked from Tacogus815 Task Crash Event
[33m[2024-07-22 16:59:51] Blocked from Null Player! Task Crash Event
[33m[2024-07-22 16:59:51] Blocked from Tacogus815 Task Crash Event
[33m[2024-07-22 16:59:51] Blocked from Null Player! Task Crash Event
[33m[2024-07-22 16:59:51] Blocked from Null Player! Task Crash Event
[33m[2024-07-22 16:59:51] Blocked from Null Player! Task Crash Event
[33m[2024-07-22 16:59:54] Blocked from Null Player! Task Crash Event
[33m[2024-07-22 16:59:54] Blocked from Null Player! Task Crash Event
[33m[2024-07-22 16:59:54] Blocked from Null Player! Task Crash Event
[33m[2024-07-22 16:59:57] Blocked from Null Player! Task Crash Event
[33m[2024-07-22 16:59:57] Blocked from Null Player! Task Crash Event
[33m[2024-07-22 16:59:57] Blocked from Null Player! Task Crash Event
[33m[2024-07-22 17:00:00] Blocked from Null Player! Task Crash Event
[33m[2024-07-22 17:00:00] Blocked from Null Player! Task Crash Event
[33m[2024-07-22 17:00:01] Blocked from Null Player! Task Crash Event
[34m[2024-07-22 17:00:03] Hwnd
[33m[2024-07-22 17:00:04] Blocked from Null Player! Task Crash Event
[33m[2024-07-22 17:00:04] Blocked from Null Player! Task Crash Event
[33m[2024-07-22 17:00:04] Blocked from Null Player! Task Crash Event
