[32m[2025-07-28 22:45:57] Welcome to Family Menu
[32m[2025-07-28 22:45:57] Free Application
[32m[2025-07-28 22:45:57] https://discord.gg/4Xz2ERPw
[34m[2025-07-28 22:45:57] Gt hook
[34m[2025-07-28 22:45:57] Gp hook
[34m[2025-07-28 22:45:57] Ic hook
[34m[2025-07-28 22:45:57] Id hook
[34m[2025-07-28 22:45:57] Is hook
[34m[2025-07-28 22:45:58] Gi hook
[34m[2025-07-28 22:45:58] Fv hook
[34m[2025-07-28 22:45:58] St hook
[34m[2025-07-28 22:45:58] Gh hook
[34m[2025-07-28 22:45:58] Ph hook
[34m[2025-07-28 22:45:58] Ht hook
[34m[2025-07-28 22:45:58] Iq hook
[34m[2025-07-28 22:45:59] Gl hook
[34m[2025-07-28 22:45:59] Qd hook
[34m[2025-07-28 22:45:59] Gf hook
[34m[2025-07-28 22:46:00] Vf hook
[34m[2025-07-28 22:46:00] Se hook
[34m[2025-07-28 22:46:00] Vx hook
[34m[2025-07-28 22:46:00] Sm hook
[34m[2025-07-28 22:46:00] Ct hook
[34m[2025-07-28 22:46:00] Dc hook
[34m[2025-07-28 22:46:00] Sg hook
[34m[2025-07-28 22:46:01] Hd hook
[34m[2025-07-28 22:46:01] Tf hook
[34m[2025-07-28 22:46:01] Gf hook
[34m[2025-07-28 22:46:01] Wp hook
[34m[2025-07-28 22:46:01] Eb hook
[34m[2025-07-28 22:46:01] Ws hook
[34m[2025-07-28 22:46:01] Vp Hook
[34m[2025-07-28 22:46:01] Pp Hook
[34m[2025-07-28 22:46:01] Ea hook
[34m[2025-07-28 22:46:01] Hq hook
[34m[2025-07-28 22:46:01] Hg hook
[34m[2025-07-28 22:46:02] No hook
[34m[2025-07-28 22:46:02] Pi Hook
[34m[2025-07-28 22:46:02] Op Hook
[34m[2025-07-28 22:46:02] Hc hook
[34m[2025-07-28 22:46:02] Np hook
[34m[2025-07-28 22:46:02] Ca hook
[34m[2025-07-28 22:46:02] Nr hook
[34m[2025-07-28 22:46:02] Go hook
[34m[2025-07-28 22:46:02] Fr Hook
[34m[2025-07-28 22:46:03] Hg hook
[34m[2025-07-28 22:46:03] Rc hook
[34m[2025-07-28 22:46:03] Aq hook
[34m[2025-07-28 22:46:03] Ai hook
[34m[2025-07-28 22:46:03] Rs hook
[33m[2025-07-28 22:46:03] Directx12
[32m[2025-07-28 22:46:08] Gi Info
[32m[2025-07-28 22:46:08] Sk Info
[32m[2025-07-28 22:46:08] Dg Info
[32m[2025-07-28 22:46:08] Hi Info
[32m[2025-07-28 22:46:08] Si Info
[32m[2025-07-28 22:46:08] Fi Info
[32m[2025-07-28 22:46:08] Gi Info
[32m[2025-07-28 22:46:08] Ns Info
[32m[2025-07-28 22:46:08] Fi Info
[33m[2025-07-28 22:46:08] Li Info
[32m[2025-07-28 22:46:08] Sa Info
[32m[2025-07-28 22:46:08] Menu Key : F4
[32m[2025-07-28 22:46:08] Unload Key : END
[32m[2025-07-28 22:46:08] This is our new Discord server, which was previously discontinued.
[32m[2025-07-28 22:46:08] https://discord.gg/4Xz2ERPw
[33m[2025-07-28 23:00:18] Blocked from Seukumiama90 Blocked Flame Event from
[33m[2025-07-28 23:00:18] Blocked from Seukumiama90 Blocked Flame Event from
[33m[2025-07-28 23:00:18] Blocked from Seukumiama90 Blocked Flame Event from
[33m[2025-07-28 23:00:18] Blocked from Seukumiama90 Blocked Flame Event from
[33m[2025-07-28 23:00:18] Blocked from Seukumiama90 Blocked Flame Event from
[33m[2025-07-28 23:00:18] Blocked from Seukumiama90 Blocked Flame Event from
[33m[2025-07-28 23:00:18] Blocked from Seukumiama90 Blocked Flame Event from
[33m[2025-07-28 23:00:18] Blocked from Seukumiama90 Blocked Flame Event from
[33m[2025-07-28 23:00:19] Blocked from Seukumiama90 Blocked Flame Event from
[33m[2025-07-28 23:00:19] Blocked from Seukumiama90 Blocked Flame Event from
[33m[2025-07-28 23:00:19] Blocked from Seukumiama90 Blocked Flame Event from
[33m[2025-07-28 23:00:20] Blocked from Seukumiama90 Blocked Flame Event from
[33m[2025-07-28 23:01:53] Blocked from Seukumiama90 Blocked Flame Event from
[33m[2025-07-28 23:01:53] Blocked from Seukumiama90 Blocked Flame Event from
[33m[2025-07-28 23:01:53] Blocked from Seukumiama90 Blocked Flame Event from
[33m[2025-07-28 23:01:54] Blocked from Seukumiama90 Blocked Flame Event from
[33m[2025-07-28 23:01:54] Blocked from Seukumiama90 Blocked Flame Event from
[33m[2025-07-28 23:01:54] Blocked from Seukumiama90 Blocked Flame Event from
[33m[2025-07-28 23:01:54] Blocked from Seukumiama90 Blocked Flame Event from
[33m[2025-07-28 23:01:54] Blocked from Seukumiama90 Blocked Flame Event from
[33m[2025-07-28 23:01:54] Blocked from Seukumiama90 Blocked Flame Event from
[33m[2025-07-28 23:01:54] Blocked from Seukumiama90 Blocked Flame Event from
[33m[2025-07-28 23:01:55] Blocked from Seukumiama90 Blocked Flame Event from
[33m[2025-07-28 23:01:55] Blocked from Seukumiama90 Blocked Flame Event from
[33m[2025-07-28 23:01:56] Blocked from Seukumiama90 Blocked Flame Event from
[33m[2025-07-28 23:01:56] Blocked from Seukumiama90 Blocked Flame Event from
[33m[2025-07-28 23:01:56] Blocked from Seukumiama90 Blocked Flame Event from
[33m[2025-07-28 23:01:56] Blocked from Seukumiama90 Blocked Flame Event from
[33m[2025-07-28 23:01:57] Blocked from Seukumiama90 Blocked Flame Event from
[33m[2025-07-28 23:01:57] Blocked from Seukumiama90 Blocked Flame Event from
[33m[2025-07-28 23:01:57] Blocked from Seukumiama90 Blocked Flame Event from
[33m[2025-07-28 23:01:57] Blocked from Seukumiama90 Blocked Flame Event from
[33m[2025-07-28 23:01:58] Blocked from Seukumiama90 Blocked Flame Event from
[33m[2025-07-28 23:01:58] Blocked from Seukumiama90 Blocked Flame Event from
[33m[2025-07-28 23:09:19] Blocked from Thatchaoticmess Blocked Flame Event from
[33m[2025-07-28 23:09:19] Blocked from Thatchaoticmess Blocked Flame Event from
[33m[2025-07-28 23:09:21] Blocked from Thatchaoticmess Blocked Flame Event from
[33m[2025-07-28 23:11:38] Blocked from PixelFountain Blocked Flame Event from
[33m[2025-07-28 23:11:38] Blocked from PixelFountain Blocked Flame Event from
[33m[2025-07-28 23:11:38] Blocked from PixelFountain Blocked Flame Event from
[33m[2025-07-28 23:11:38] Blocked from PixelFountain Blocked Flame Event from
[33m[2025-07-28 23:11:38] Blocked from PixelFountain Blocked Flame Event from
[33m[2025-07-28 23:11:38] Blocked from PixelFountain Blocked Flame Event from
[33m[2025-07-28 23:11:38] Blocked from PixelFountain Blocked Flame Event from
[33m[2025-07-28 23:11:38] Blocked from PixelFountain Blocked Flame Event from
[33m[2025-07-28 23:11:38] Blocked from PixelFountain Blocked Flame Event from
[33m[2025-07-28 23:11:38] Blocked from PixelFountain Blocked Flame Event from
[33m[2025-07-28 23:11:39] Blocked from PixelFountain Blocked Flame Event from
[33m[2025-07-28 23:11:39] Blocked from PixelFountain Blocked Flame Event from
[33m[2025-07-28 23:11:39] Blocked from PixelFountain Blocked Flame Event from
[33m[2025-07-28 23:11:39] Blocked from PixelFountain Blocked Flame Event from
[33m[2025-07-28 23:11:39] Blocked from PixelFountain Blocked Flame Event from
[33m[2025-07-28 23:11:39] Blocked from PixelFountain Blocked Flame Event from
[33m[2025-07-28 23:11:39] Blocked from PixelFountain Blocked Flame Event from
[33m[2025-07-28 23:11:39] Blocked from PixelFountain Blocked Flame Event from
[33m[2025-07-28 23:11:40] Blocked from PixelFountain Blocked Flame Event from
[33m[2025-07-28 23:11:40] Blocked from PixelFountain Blocked Flame Event from
[33m[2025-07-28 23:11:41] Blocked from PixelFountain Blocked Flame Event from
[33m[2025-07-28 23:11:41] Blocked from PixelFountain Blocked Flame Event from
[33m[2025-07-28 23:11:41] Blocked from PixelFountain Blocked Flame Event from
[33m[2025-07-28 23:11:41] Blocked from PixelFountain Blocked Flame Event from
[33m[2025-07-28 23:11:41] Blocked from PixelFountain Blocked Flame Event from
[33m[2025-07-28 23:11:41] Blocked from PixelFountain Blocked Flame Event from
[33m[2025-07-28 23:11:41] Blocked from PixelFountain Blocked Flame Event from
[33m[2025-07-28 23:11:41] Blocked from PixelFountain Blocked Flame Event from
[33m[2025-07-28 23:11:42] Blocked from PixelFountain Blocked Flame Event from
[33m[2025-07-28 23:11:42] Blocked from PixelFountain Blocked Flame Event from
[33m[2025-07-28 23:11:42] Blocked from PixelFountain Blocked Flame Event from
[33m[2025-07-28 23:11:42] Blocked from PixelFountain Blocked Flame Event from
[33m[2025-07-28 23:11:42] Blocked from PixelFountain Blocked Flame Event from
[33m[2025-07-28 23:11:42] Blocked from PixelFountain Blocked Flame Event from
[33m[2025-07-28 23:11:42] Blocked from PixelFountain Blocked Flame Event from
[33m[2025-07-28 23:11:43] Blocked from PixelFountain Blocked Flame Event from
[33m[2025-07-28 23:11:43] Blocked from PixelFountain Blocked Flame Event from
[33m[2025-07-28 23:11:43] Blocked from PixelFountain Blocked Flame Event from
[33m[2025-07-28 23:11:43] Blocked from PixelFountain Blocked Flame Event from
[33m[2025-07-28 23:11:44] Blocked from PixelFountain Blocked Flame Event from
[33m[2025-07-28 23:11:44] Blocked from PixelFountain Blocked Flame Event from
[33m[2025-07-28 23:11:45] Blocked from PixelFountain Blocked Flame Event from
[33m[2025-07-28 23:11:45] Blocked from PixelFountain Blocked Flame Event from
[33m[2025-07-28 23:12:00] Blocked from PixelFountain Blocked Flame Event from
[33m[2025-07-28 23:12:00] Blocked from PixelFountain Blocked Flame Event from
[33m[2025-07-28 23:12:00] Blocked from PixelFountain Blocked Flame Event from
[33m[2025-07-28 23:12:01] Blocked from PixelFountain Blocked Flame Event from
[33m[2025-07-28 23:15:09] Blocked from _Brumm_ Blocked Flame Event from
[33m[2025-07-28 23:15:10] Blocked from _Brumm_ Blocked Flame Event from
[33m[2025-07-28 23:15:10] Blocked from _Brumm_ Blocked Flame Event from
[33m[2025-07-28 23:15:10] Blocked from _Brumm_ Blocked Flame Event from
[33m[2025-07-28 23:15:10] Blocked from _Brumm_ Blocked Flame Event from
[33m[2025-07-28 23:15:10] Blocked from _Brumm_ Blocked Flame Event from
[33m[2025-07-28 23:15:10] Blocked from _Brumm_ Blocked Flame Event from
[33m[2025-07-28 23:15:10] Blocked from _Brumm_ Blocked Flame Event from
[33m[2025-07-28 23:15:10] Blocked from _Brumm_ Blocked Flame Event from
[33m[2025-07-28 23:15:10] Blocked from _Brumm_ Blocked Flame Event from
[33m[2025-07-28 23:15:11] Blocked from _Brumm_ Blocked Flame Event from
[33m[2025-07-28 23:15:12] Blocked from _Brumm_ Blocked Flame Event from
[33m[2025-07-28 23:15:12] Blocked from _Brumm_ Blocked Flame Event from
[33m[2025-07-28 23:15:12] Blocked from _Brumm_ Blocked Flame Event from
[33m[2025-07-28 23:15:12] Blocked from _Brumm_ Blocked Flame Event from
[33m[2025-07-28 23:15:13] Blocked from _Brumm_ Blocked Flame Event from
[33m[2025-07-28 23:15:13] Blocked from _Brumm_ Blocked Flame Event from
