[32m[2025-07-28 19:25:52] Welcome to Family Menu
[32m[2025-07-28 19:25:52] Free Application
[32m[2025-07-28 19:25:52] https://discord.gg/4Xz2ERPw
[34m[2025-07-28 19:25:52] Gt hook
[34m[2025-07-28 19:25:53] Gp hook
[34m[2025-07-28 19:25:53] Ic hook
[34m[2025-07-28 19:25:53] Id hook
[34m[2025-07-28 19:25:53] Is hook
[34m[2025-07-28 19:25:53] Gi hook
[34m[2025-07-28 19:25:53] Fv hook
[34m[2025-07-28 19:25:53] St hook
[34m[2025-07-28 19:25:54] Ph hook
[34m[2025-07-28 19:25:54] Gh hook
[34m[2025-07-28 19:25:54] Ht hook
[34m[2025-07-28 19:25:54] Iq hook
[34m[2025-07-28 19:25:54] Gl hook
[34m[2025-07-28 19:25:54] Qd hook
[34m[2025-07-28 19:25:55] Gf hook
[34m[2025-07-28 19:25:55] Vf hook
[34m[2025-07-28 19:25:55] Se hook
[34m[2025-07-28 19:25:55] Sm hook
[34m[2025-07-28 19:25:55] Vx hook
[34m[2025-07-28 19:25:56] Dc hook
[34m[2025-07-28 19:25:56] Ct hook
[34m[2025-07-28 19:25:56] Sg hook
[34m[2025-07-28 19:25:56] Hd hook
[34m[2025-07-28 19:25:56] Tf hook
[34m[2025-07-28 19:25:56] Eb hook
[34m[2025-07-28 19:25:57] Gf hook
[34m[2025-07-28 19:25:57] Wp hook
[34m[2025-07-28 19:25:57] Vp Hook
[34m[2025-07-28 19:25:57] Pp Hook
[34m[2025-07-28 19:25:57] Ws hook
[34m[2025-07-28 19:25:57] Ea hook
[34m[2025-07-28 19:25:57] Hg hook
[34m[2025-07-28 19:25:57] Hq hook
[34m[2025-07-28 19:25:57] Op Hook
[34m[2025-07-28 19:25:57] Pi Hook
[34m[2025-07-28 19:25:57] No hook
[34m[2025-07-28 19:25:58] Hc hook
[34m[2025-07-28 19:25:58] Np hook
[34m[2025-07-28 19:25:58] Nr hook
[34m[2025-07-28 19:25:58] Ca hook
[34m[2025-07-28 19:25:58] Go hook
[34m[2025-07-28 19:25:58] Fr Hook
[34m[2025-07-28 19:25:58] Hg hook
[34m[2025-07-28 19:25:58] Rc hook
[34m[2025-07-28 19:25:58] Aq hook
[34m[2025-07-28 19:25:59] Ai hook
[34m[2025-07-28 19:25:59] Rs hook
[33m[2025-07-28 19:25:59] Directx12
[32m[2025-07-28 19:26:04] Gi Info
[32m[2025-07-28 19:26:04] Sk Info
[32m[2025-07-28 19:26:04] Dg Info
[32m[2025-07-28 19:26:04] Hi Info
[32m[2025-07-28 19:26:04] Si Info
[32m[2025-07-28 19:26:04] Fi Info
[32m[2025-07-28 19:26:04] Gi Info
[32m[2025-07-28 19:26:04] Ns Info
[32m[2025-07-28 19:26:04] Fi Info
[33m[2025-07-28 19:26:04] Li Info
[32m[2025-07-28 19:26:04] Sa Info
[32m[2025-07-28 19:26:04] Menu Key : F4
[32m[2025-07-28 19:26:04] Unload Key : END
[32m[2025-07-28 19:26:04] This is our new Discord server, which was previously discontinued.
[32m[2025-07-28 19:26:04] https://discord.gg/4Xz2ERPw
