[32m[2025-07-28 19:10:17] Welcome to Family Menu
[32m[2025-07-28 19:10:17] Free Application
[32m[2025-07-28 19:10:17] https://discord.gg/4Xz2ERPw
[34m[2025-07-28 19:10:17] Gt hook
[34m[2025-07-28 19:10:17] Gp hook
[34m[2025-07-28 19:10:17] Ic hook
[34m[2025-07-28 19:10:17] Is hook
[34m[2025-07-28 19:10:18] Id hook
[34m[2025-07-28 19:10:18] Gi hook
[34m[2025-07-28 19:10:18] St hook
[34m[2025-07-28 19:10:18] Fv hook
[34m[2025-07-28 19:10:18] Ph hook
[34m[2025-07-28 19:10:18] Gh hook
[34m[2025-07-28 19:10:19] Ht hook
[34m[2025-07-28 19:10:19] Iq hook
[34m[2025-07-28 19:10:19] Gl hook
[34m[2025-07-28 19:10:19] Qd hook
[34m[2025-07-28 19:10:19] Gf hook
[34m[2025-07-28 19:10:20] Se hook
[34m[2025-07-28 19:10:20] Vf hook
[34m[2025-07-28 19:10:20] Vx hook
[34m[2025-07-28 19:10:20] Sm hook
[34m[2025-07-28 19:10:20] Dc hook
[34m[2025-07-28 19:10:20] Ct hook
[34m[2025-07-28 19:10:20] Sg hook
[34m[2025-07-28 19:10:21] Tf hook
[34m[2025-07-28 19:10:21] Hd hook
[34m[2025-07-28 19:10:21] Gf hook
[34m[2025-07-28 19:10:21] Ws hook
[34m[2025-07-28 19:10:21] Wp hook
[34m[2025-07-28 19:10:21] Vp Hook
[34m[2025-07-28 19:10:21] Eb hook
[34m[2025-07-28 19:10:21] Hg hook
[34m[2025-07-28 19:10:22] Ea hook
[34m[2025-07-28 19:10:22] Pp Hook
[34m[2025-07-28 19:10:22] Hq hook
[34m[2025-07-28 19:10:22] Pi Hook
[34m[2025-07-28 19:10:22] Op Hook
[34m[2025-07-28 19:10:22] Hc hook
[34m[2025-07-28 19:10:22] No hook
[34m[2025-07-28 19:10:22] Np hook
[34m[2025-07-28 19:10:22] Go hook
[34m[2025-07-28 19:10:23] Ca hook
[34m[2025-07-28 19:10:23] Nr hook
[34m[2025-07-28 19:10:23] Fr Hook
[34m[2025-07-28 19:10:23] Hg hook
[34m[2025-07-28 19:10:23] Rc hook
[34m[2025-07-28 19:10:23] Aq hook
[34m[2025-07-28 19:10:23] Ai hook
[34m[2025-07-28 19:10:23] Rs hook
[33m[2025-07-28 19:10:23] Directx12
[32m[2025-07-28 19:10:28] Gi Info
[32m[2025-07-28 19:10:28] Sk Info
[32m[2025-07-28 19:10:28] Dg Info
[32m[2025-07-28 19:10:28] Hi Info
[32m[2025-07-28 19:10:28] Si Info
[32m[2025-07-28 19:10:28] Fi Info
[32m[2025-07-28 19:10:28] Gi Info
[32m[2025-07-28 19:10:28] Ns Info
[32m[2025-07-28 19:10:28] Fi Info
[33m[2025-07-28 19:10:28] Li Info
[32m[2025-07-28 19:10:28] Sa Info
[32m[2025-07-28 19:10:28] Menu Key : F4
[32m[2025-07-28 19:10:28] Unload Key : END
[32m[2025-07-28 19:10:28] This is our new Discord server, which was previously discontinued.
[32m[2025-07-28 19:10:28] https://discord.gg/4Xz2ERPw
