[32m[2025-07-28 18:37:46] Welcome to Family Menu
[32m[2025-07-28 18:37:46] Free Application
[32m[2025-07-28 18:37:46] https://discord.gg/4Xz2ERPw
[34m[2025-07-28 18:37:46] Gt hook
[34m[2025-07-28 18:37:46] Gp hook
[34m[2025-07-28 18:37:46] Ic hook
[34m[2025-07-28 18:37:46] Id hook
[34m[2025-07-28 18:37:47] Is hook
[34m[2025-07-28 18:37:47] Gi hook
[34m[2025-07-28 18:37:47] St hook
[34m[2025-07-28 18:37:47] Fv hook
[34m[2025-07-28 18:37:47] Ph hook
[34m[2025-07-28 18:37:47] Gh hook
[34m[2025-07-28 18:37:47] Ht hook
[34m[2025-07-28 18:37:47] Iq hook
[34m[2025-07-28 18:37:48] Gl hook
[34m[2025-07-28 18:37:48] Qd hook
[34m[2025-07-28 18:37:48] Gf hook
[34m[2025-07-28 18:37:49] Vx hook
[34m[2025-07-28 18:37:49] Vf hook
[34m[2025-07-28 18:37:49] Se hook
[34m[2025-07-28 18:37:49] Sm hook
[34m[2025-07-28 18:37:49] Ct hook
[34m[2025-07-28 18:37:49] Sg hook
[34m[2025-07-28 18:37:49] Dc hook
[34m[2025-07-28 18:37:50] Tf hook
[34m[2025-07-28 18:37:50] Hd hook
[34m[2025-07-28 18:37:50] Wp hook
[34m[2025-07-28 18:37:50] Ws hook
[34m[2025-07-28 18:37:50] Gf hook
[34m[2025-07-28 18:37:50] Vp Hook
[34m[2025-07-28 18:37:50] Eb hook
[34m[2025-07-28 18:37:50] Ea hook
[34m[2025-07-28 18:37:50] Pp Hook
[34m[2025-07-28 18:37:51] Hg hook
[34m[2025-07-28 18:37:51] Hq hook
[34m[2025-07-28 18:37:51] Op Hook
[34m[2025-07-28 18:37:51] Pi Hook
[34m[2025-07-28 18:37:51] No hook
[34m[2025-07-28 18:37:51] Hc hook
[34m[2025-07-28 18:37:51] Nr hook
[34m[2025-07-28 18:37:51] Np hook
[34m[2025-07-28 18:37:51] Ca hook
[34m[2025-07-28 18:37:51] Go hook
[34m[2025-07-28 18:37:52] Fr Hook
[34m[2025-07-28 18:37:52] Rc hook
[34m[2025-07-28 18:37:52] Hg hook
[34m[2025-07-28 18:37:52] Aq hook
[34m[2025-07-28 18:37:52] Ai hook
[34m[2025-07-28 18:37:52] Rs hook
[33m[2025-07-28 18:37:52] Directx12
[32m[2025-07-28 18:37:57] Gi Info
[32m[2025-07-28 18:37:57] Sk Info
[32m[2025-07-28 18:37:57] Dg Info
[32m[2025-07-28 18:37:57] Hi Info
[32m[2025-07-28 18:37:57] Si Info
[32m[2025-07-28 18:37:57] Fi Info
[32m[2025-07-28 18:37:57] Gi Info
[32m[2025-07-28 18:37:57] Ns Info
[32m[2025-07-28 18:37:57] Fi Info
[33m[2025-07-28 18:37:57] Li Info
[32m[2025-07-28 18:37:57] Sa Info
[32m[2025-07-28 18:37:57] Menu Key : F4
[32m[2025-07-28 18:37:57] Unload Key : END
[32m[2025-07-28 18:37:57] This is our new Discord server, which was previously discontinued.
[32m[2025-07-28 18:37:57] https://discord.gg/4Xz2ERPw
[33m[2025-07-28 18:44:46] Blocked from bgbballplayer Blocked Flame Event from
[33m[2025-07-28 18:44:46] Blocked from bgbballplayer Blocked Flame Event from
[33m[2025-07-28 18:44:46] Blocked from bgbballplayer Blocked Flame Event from
[33m[2025-07-28 18:44:46] Blocked from bgbballplayer Blocked Flame Event from
[33m[2025-07-28 18:44:46] Blocked from bgbballplayer Blocked Flame Event from
[33m[2025-07-28 18:44:47] Blocked from bgbballplayer Blocked Flame Event from
[33m[2025-07-28 18:44:47] Blocked from bgbballplayer Blocked Flame Event from
[33m[2025-07-28 18:44:47] Blocked from bgbballplayer Blocked Flame Event from
[33m[2025-07-28 18:49:29] Blocked from Kokotakilla Blocked Flame Event from
[33m[2025-07-28 18:49:30] Blocked from Chaz0_o Blocked Flame Event from
[33m[2025-07-28 18:49:30] Blocked from Reivcarajo Blocked Flame Event from
[33m[2025-07-28 18:49:30] Blocked from Chaz0_o Blocked Flame Event from
[33m[2025-07-28 18:49:30] Blocked from Reivcarajo Blocked Flame Event from
[33m[2025-07-28 18:49:34] Blocked from Reivcarajo Blocked Flame Event from
[33m[2025-07-28 18:49:34] Blocked from Reivcarajo Blocked Flame Event from
[33m[2025-07-28 18:49:34] Blocked from Reivcarajo Blocked Flame Event from
[33m[2025-07-28 18:49:34] Blocked from Reivcarajo Blocked Flame Event from
[33m[2025-07-28 18:49:35] Blocked from Reivcarajo Blocked Flame Event from
[33m[2025-07-28 18:49:35] Blocked from Reivcarajo Blocked Flame Event from
[33m[2025-07-28 18:50:36] Blocked from Reivcarajo Blocked Flame Event from
[33m[2025-07-28 18:50:37] Blocked from Reivcarajo Blocked Flame Event from
[33m[2025-07-28 18:50:37] Blocked from Reivcarajo Blocked Flame Event from
[33m[2025-07-28 18:52:52] Blocked from Reivcarajo Blocked Flame Event from
[33m[2025-07-28 18:52:52] Blocked from Reivcarajo Blocked Flame Event from
[33m[2025-07-28 18:52:52] Blocked from Reivcarajo Blocked Flame Event from
[33m[2025-07-28 18:52:52] Blocked from Reivcarajo Blocked Flame Event from
[33m[2025-07-28 18:52:52] Blocked from Reivcarajo Blocked Flame Event from
[33m[2025-07-28 18:52:52] Blocked from Reivcarajo Blocked Flame Event from
[33m[2025-07-28 18:52:52] Blocked from Reivcarajo Blocked Flame Event from
[33m[2025-07-28 18:52:52] Blocked from Reivcarajo Blocked Flame Event from
[33m[2025-07-28 18:52:53] Blocked from Reivcarajo Blocked Flame Event from
[33m[2025-07-28 18:52:53] Blocked from Reivcarajo Blocked Flame Event from
[33m[2025-07-28 18:54:40] Blocked from Reivcarajo Blocked Flame Event from
[33m[2025-07-28 18:54:41] Blocked from Reivcarajo Blocked Flame Event from
[33m[2025-07-28 18:54:41] Blocked from Reivcarajo Blocked Flame Event from
[33m[2025-07-28 18:54:41] Blocked from Reivcarajo Blocked Flame Event from
[33m[2025-07-28 18:54:41] Blocked from Reivcarajo Blocked Flame Event from
[33m[2025-07-28 18:54:42] Blocked from Reivcarajo Blocked Flame Event from
[33m[2025-07-28 18:54:44] Blocked from Reivcarajo Blocked Flame Event from
[33m[2025-07-28 18:54:44] Blocked from Reivcarajo Blocked Flame Event from
[33m[2025-07-28 18:54:44] Blocked from Reivcarajo Blocked Flame Event from
[33m[2025-07-28 18:54:45] Blocked from Reivcarajo Blocked Flame Event from
[33m[2025-07-28 18:54:45] Blocked from Reivcarajo Blocked Flame Event from
[33m[2025-07-28 18:54:45] Blocked from Reivcarajo Blocked Flame Event from
[33m[2025-07-28 18:54:45] Blocked from Reivcarajo Blocked Flame Event from
[33m[2025-07-28 18:54:45] Blocked from Reivcarajo Blocked Flame Event from
[33m[2025-07-28 18:54:45] Blocked from Reivcarajo Blocked Flame Event from
[33m[2025-07-28 18:54:45] Blocked from Reivcarajo Blocked Flame Event from
[33m[2025-07-28 18:54:45] Blocked from Reivcarajo Blocked Flame Event from
[33m[2025-07-28 18:54:45] Blocked from Reivcarajo Blocked Flame Event from
[33m[2025-07-28 18:54:45] Blocked from Reivcarajo Blocked Flame Event from
[33m[2025-07-28 18:54:45] Blocked from Reivcarajo Blocked Flame Event from
[33m[2025-07-28 18:54:45] Blocked from Reivcarajo Blocked Flame Event from
[33m[2025-07-28 18:54:45] Blocked from Reivcarajo Blocked Flame Event from
[33m[2025-07-28 18:54:46] Blocked from Reivcarajo Blocked Flame Event from
[33m[2025-07-28 18:54:46] Blocked from Reivcarajo Blocked Flame Event from
[33m[2025-07-28 18:54:46] Blocked from Reivcarajo Blocked Flame Event from
[33m[2025-07-28 18:54:46] Blocked from Reivcarajo Blocked Flame Event from
[33m[2025-07-28 18:54:46] Blocked from Reivcarajo Blocked Flame Event from
[33m[2025-07-28 18:54:47] Blocked from Reivcarajo Blocked Flame Event from
[33m[2025-07-28 18:54:47] Blocked from Reivcarajo Blocked Flame Event from
[33m[2025-07-28 18:54:47] Blocked from Reivcarajo Blocked Flame Event from
[33m[2025-07-28 18:54:47] Blocked from Reivcarajo Blocked Flame Event from
[33m[2025-07-28 18:54:48] Blocked from Reivcarajo Blocked Flame Event from
[33m[2025-07-28 18:54:48] Blocked from Reivcarajo Blocked Flame Event from
[33m[2025-07-28 18:54:48] Blocked from Reivcarajo Blocked Flame Event from
[33m[2025-07-28 18:54:48] Blocked from Reivcarajo Blocked Flame Event from
[33m[2025-07-28 18:54:48] Blocked from Reivcarajo Blocked Flame Event from
[33m[2025-07-28 18:54:48] Blocked from Reivcarajo Blocked Flame Event from
[33m[2025-07-28 18:54:48] Blocked from Reivcarajo Blocked Flame Event from
[33m[2025-07-28 18:54:48] Blocked from Reivcarajo Blocked Flame Event from
[33m[2025-07-28 18:54:48] Blocked from Reivcarajo Blocked Flame Event from
[33m[2025-07-28 18:54:50] Blocked from Reivcarajo Blocked Flame Event from
[33m[2025-07-28 18:54:50] Blocked from Reivcarajo Blocked Flame Event from
[33m[2025-07-28 18:54:50] Blocked from Reivcarajo Blocked Flame Event from
[33m[2025-07-28 18:54:50] Blocked from Reivcarajo Blocked Flame Event from
[33m[2025-07-28 18:54:50] Blocked from Reivcarajo Blocked Flame Event from
[33m[2025-07-28 18:54:51] Blocked from Reivcarajo Blocked Flame Event from
[33m[2025-07-28 18:54:51] Blocked from Reivcarajo Blocked Flame Event from
[33m[2025-07-28 18:54:51] Blocked from Reivcarajo Blocked Flame Event from
[33m[2025-07-28 18:54:51] Blocked from Reivcarajo Blocked Flame Event from
[33m[2025-07-28 18:54:51] Blocked from Reivcarajo Blocked Flame Event from
[33m[2025-07-28 18:54:51] Blocked from Reivcarajo Blocked Flame Event from
[33m[2025-07-28 18:54:51] Blocked from Reivcarajo Blocked Flame Event from
[33m[2025-07-28 18:56:33] Blocked from oroddd Blocked Flame Event from
[33m[2025-07-28 18:56:33] Blocked from oroddd Blocked Flame Event from
