[32m[2025-07-28 23:47:53] Welcome to Family Menu
[32m[2025-07-28 23:47:53] Free Application
[32m[2025-07-28 23:47:53] https://discord.gg/4Xz2ERPw
[34m[2025-07-28 23:47:53] Gt hook
[34m[2025-07-28 23:47:54] Gp hook
[34m[2025-07-28 23:47:54] Ic hook
[34m[2025-07-28 23:47:54] Id hook
[34m[2025-07-28 23:47:54] Is hook
[34m[2025-07-28 23:47:55] Gi hook
[34m[2025-07-28 23:47:55] Fv hook
[34m[2025-07-28 23:47:55] St hook
[34m[2025-07-28 23:47:55] Ph hook
[34m[2025-07-28 23:47:55] Gh hook
[34m[2025-07-28 23:47:55] Ht hook
[34m[2025-07-28 23:47:55] Iq hook
[34m[2025-07-28 23:47:55] Qd hook
[34m[2025-07-28 23:47:56] Gl hook
[34m[2025-07-28 23:47:56] Se hook
[34m[2025-07-28 23:47:56] Gf hook
[34m[2025-07-28 23:47:56] Vf hook
[34m[2025-07-28 23:47:56] Vx hook
[34m[2025-07-28 23:47:57] Sm hook
[34m[2025-07-28 23:47:57] Sg hook
[34m[2025-07-28 23:47:57] Ct hook
[34m[2025-07-28 23:47:57] Hd hook
[34m[2025-07-28 23:47:57] Dc hook
[34m[2025-07-28 23:47:58] Tf hook
[34m[2025-07-28 23:47:58] Hg hook
[34m[2025-07-28 23:47:58] Gf hook
[34m[2025-07-28 23:47:58] Eb hook
[34m[2025-07-28 23:47:58] Vp Hook
[34m[2025-07-28 23:47:58] Pp Hook
[34m[2025-07-28 23:47:58] Wp hook
[34m[2025-07-28 23:47:58] Ws hook
[34m[2025-07-28 23:47:58] Ea hook
[34m[2025-07-28 23:47:58] Pi Hook
[34m[2025-07-28 23:47:58] Hq hook
[34m[2025-07-28 23:47:58] Op Hook
[34m[2025-07-28 23:47:58] No hook
[34m[2025-07-28 23:47:59] Ca hook
[34m[2025-07-28 23:47:59] Hc hook
[34m[2025-07-28 23:47:59] Np hook
[34m[2025-07-28 23:47:59] Go hook
[34m[2025-07-28 23:47:59] Nr hook
[34m[2025-07-28 23:47:59] Fr Hook
[34m[2025-07-28 23:47:59] Rc hook
[34m[2025-07-28 23:47:59] Aq hook
[34m[2025-07-28 23:47:59] Hg hook
[34m[2025-07-28 23:48:00] Ai hook
[34m[2025-07-28 23:48:00] Rs hook
[33m[2025-07-28 23:48:00] Directx12
[32m[2025-07-28 23:48:05] Gi Info
[32m[2025-07-28 23:48:05] Sk Info
[32m[2025-07-28 23:48:05] Dg Info
[32m[2025-07-28 23:48:05] Hi Info
[32m[2025-07-28 23:48:05] Si Info
[32m[2025-07-28 23:48:05] Fi Info
[32m[2025-07-28 23:48:05] Gi Info
[32m[2025-07-28 23:48:05] Ns Info
[32m[2025-07-28 23:48:05] Fi Info
[33m[2025-07-28 23:48:05] Li Info
[32m[2025-07-28 23:48:05] Sa Info
[32m[2025-07-28 23:48:05] Menu Key : F4
[32m[2025-07-28 23:48:05] Unload Key : END
[32m[2025-07-28 23:48:05] This is our new Discord server, which was previously discontinued.
[32m[2025-07-28 23:48:05] https://discord.gg/4Xz2ERPw
